==6868== Memcheck, a memory error detector
==6868== Copyright (C) 2002-2022, and GNU GPL'd, by Julian Seward et al.
==6868== Using Valgrind-3.22.0 and LibVEX; rerun with -h for copyright info
==6868== Command: ./cub3D maps/miniMap.cub
==6868== Parent PID: 6150
==6868== 
==6868== Syscall param writev(vector[0]) points to uninitialised byte(s)
==6868==    at 0x4BCC894: writev (writev.c:26)
==6868==    by 0x4CC3ACA: ??? (in /usr/lib/x86_64-linux-gnu/libxcb.so.1.1.0)
==6868==    by 0x4CC3C4E: ??? (in /usr/lib/x86_64-linux-gnu/libxcb.so.1.1.0)
==6868==    by 0x4CC4D7E: xcb_writev (in /usr/lib/x86_64-linux-gnu/libxcb.so.1.1.0)
==6868==    by 0x48BE0B8: _XSend (in /usr/lib/x86_64-linux-gnu/libX11.so.6.4.0)
==6868==    by 0x48C3148: _XReadEvents (in /usr/lib/x86_64-linux-gnu/libX11.so.6.4.0)
==6868==    by 0x48C352B: XWindowEvent (in /usr/lib/x86_64-linux-gnu/libX11.so.6.4.0)
==6868==    by 0x115815: mlx_int_wait_first_expose (in /home/deityrain/Desktop/Cub3D/cub3D)
==6868==    by 0x115545: mlx_new_window (in /home/deityrain/Desktop/Cub3D/cub3D)
==6868==    by 0x11437B: setup_window (in /home/deityrain/Desktop/Cub3D/cub3D)
==6868==    by 0x113F88: main (in /home/deityrain/Desktop/Cub3D/cub3D)
==6868==  Address 0x4d234fc is 28 bytes inside a block of size 16,384 alloc'd
==6868==    at 0x484D953: calloc (in /usr/libexec/valgrind/vgpreload_memcheck-amd64-linux.so)
==6868==    by 0x48AD42D: XOpenDisplay (in /usr/lib/x86_64-linux-gnu/libX11.so.6.4.0)
==6868==    by 0x1152F6: mlx_init (in /home/deityrain/Desktop/Cub3D/cub3D)
==6868==    by 0x114232: init_mlx (in /home/deityrain/Desktop/Cub3D/cub3D)
==6868==    by 0x113E90: verifications (in /home/deityrain/Desktop/Cub3D/cub3D)
==6868==    by 0x113F38: main (in /home/deityrain/Desktop/Cub3D/cub3D)
==6868==  Uninitialised value was created by a stack allocation
==6868==    at 0x115720: mlx_int_anti_resize_win (in /home/deityrain/Desktop/Cub3D/cub3D)
==6868== 
==6868== 
==6868== HEAP SUMMARY:
==6868==     in use at exit: 31,735 bytes in 400 blocks
==6868==   total heap usage: 2,359 allocs, 1,959 frees, 611,189 bytes allocated
==6868== 
==6868== 2 bytes in 1 blocks are still reachable in loss record 1 of 60
==6868==    at 0x4846828: malloc (in /usr/libexec/valgrind/vgpreload_memcheck-amd64-linux.so)
==6868==    by 0x4B5737E: strdup (strdup.c:42)
==6868==    by 0x48D5C87: _XlcCreateLC (in /usr/lib/x86_64-linux-gnu/libX11.so.6.4.0)
==6868==    by 0x48F5D53: _XlcDefaultLoader (in /usr/lib/x86_64-linux-gnu/libX11.so.6.4.0)
==6868==    by 0x48DA130: _XOpenLC (in /usr/lib/x86_64-linux-gnu/libX11.so.6.4.0)
==6868==    by 0x48DAB76: _XrmInitParseInfo (in /usr/lib/x86_64-linux-gnu/libX11.so.6.4.0)
==6868==    by 0x48C40AF: ??? (in /usr/lib/x86_64-linux-gnu/libX11.so.6.4.0)
==6868==    by 0x48C4532: XrmGetStringDatabase (in /usr/lib/x86_64-linux-gnu/libX11.so.6.4.0)
==6868==    by 0x48A1F4C: ??? (in /usr/lib/x86_64-linux-gnu/libX11.so.6.4.0)
==6868==    by 0x48A213D: XGetDefault (in /usr/lib/x86_64-linux-gnu/libX11.so.6.4.0)
==6868==    by 0x5433A82: _XcursorGetDisplayInfo (in /usr/lib/x86_64-linux-gnu/libXcursor.so.1.0.2)
==6868==    by 0x5433BBC: XcursorSupportsARGB (in /usr/lib/x86_64-linux-gnu/libXcursor.so.1.0.2)
==6868== 
==6868== 2 bytes in 1 blocks are still reachable in loss record 2 of 60
==6868==    at 0x4846828: malloc (in /usr/libexec/valgrind/vgpreload_memcheck-amd64-linux.so)
==6868==    by 0x4B5737E: strdup (strdup.c:42)
==6868==    by 0x48D4F67: _XlcResolveLocaleName (in /usr/lib/x86_64-linux-gnu/libX11.so.6.4.0)
==6868==    by 0x48DAEF9: ??? (in /usr/lib/x86_64-linux-gnu/libX11.so.6.4.0)
==6868==    by 0x48D904E: ??? (in /usr/lib/x86_64-linux-gnu/libX11.so.6.4.0)
==6868==    by 0x48D5C3D: _XlcCreateLC (in /usr/lib/x86_64-linux-gnu/libX11.so.6.4.0)
==6868==    by 0x48F5D53: _XlcDefaultLoader (in /usr/lib/x86_64-linux-gnu/libX11.so.6.4.0)
==6868==    by 0x48DA130: _XOpenLC (in /usr/lib/x86_64-linux-gnu/libX11.so.6.4.0)
==6868==    by 0x48DAB76: _XrmInitParseInfo (in /usr/lib/x86_64-linux-gnu/libX11.so.6.4.0)
==6868==    by 0x48C40AF: ??? (in /usr/lib/x86_64-linux-gnu/libX11.so.6.4.0)
==6868==    by 0x48C4532: XrmGetStringDatabase (in /usr/lib/x86_64-linux-gnu/libX11.so.6.4.0)
==6868==    by 0x48A1F4C: ??? (in /usr/lib/x86_64-linux-gnu/libX11.so.6.4.0)
==6868== 
==6868== 7 bytes in 1 blocks are still reachable in loss record 3 of 60
==6868==    at 0x4846828: malloc (in /usr/libexec/valgrind/vgpreload_memcheck-amd64-linux.so)
==6868==    by 0x4B5737E: strdup (strdup.c:42)
==6868==    by 0x48DADC2: ??? (in /usr/lib/x86_64-linux-gnu/libX11.so.6.4.0)
==6868==    by 0x48D904E: ??? (in /usr/lib/x86_64-linux-gnu/libX11.so.6.4.0)
==6868==    by 0x48D5C3D: _XlcCreateLC (in /usr/lib/x86_64-linux-gnu/libX11.so.6.4.0)
==6868==    by 0x48F5D53: _XlcDefaultLoader (in /usr/lib/x86_64-linux-gnu/libX11.so.6.4.0)
==6868==    by 0x48DA130: _XOpenLC (in /usr/lib/x86_64-linux-gnu/libX11.so.6.4.0)
==6868==    by 0x48DAB76: _XrmInitParseInfo (in /usr/lib/x86_64-linux-gnu/libX11.so.6.4.0)
==6868==    by 0x48C40AF: ??? (in /usr/lib/x86_64-linux-gnu/libX11.so.6.4.0)
==6868==    by 0x48C4532: XrmGetStringDatabase (in /usr/lib/x86_64-linux-gnu/libX11.so.6.4.0)
==6868==    by 0x48A1F4C: ??? (in /usr/lib/x86_64-linux-gnu/libX11.so.6.4.0)
==6868==    by 0x48A213D: XGetDefault (in /usr/lib/x86_64-linux-gnu/libX11.so.6.4.0)
==6868== 
==6868== 16 bytes in 1 blocks are still reachable in loss record 4 of 60
==6868==    at 0x4846828: malloc (in /usr/libexec/valgrind/vgpreload_memcheck-amd64-linux.so)
==6868==    by 0x48D60FF: _XlcAddLoader (in /usr/lib/x86_64-linux-gnu/libX11.so.6.4.0)
==6868==    by 0x48D6175: _XlcInitLoader (in /usr/lib/x86_64-linux-gnu/libX11.so.6.4.0)
==6868==    by 0x48DA108: _XOpenLC (in /usr/lib/x86_64-linux-gnu/libX11.so.6.4.0)
==6868==    by 0x48DAB76: _XrmInitParseInfo (in /usr/lib/x86_64-linux-gnu/libX11.so.6.4.0)
==6868==    by 0x48C40AF: ??? (in /usr/lib/x86_64-linux-gnu/libX11.so.6.4.0)
==6868==    by 0x48C4532: XrmGetStringDatabase (in /usr/lib/x86_64-linux-gnu/libX11.so.6.4.0)
==6868==    by 0x48A1F4C: ??? (in /usr/lib/x86_64-linux-gnu/libX11.so.6.4.0)
==6868==    by 0x48A213D: XGetDefault (in /usr/lib/x86_64-linux-gnu/libX11.so.6.4.0)
==6868==    by 0x5433A82: _XcursorGetDisplayInfo (in /usr/lib/x86_64-linux-gnu/libXcursor.so.1.0.2)
==6868==    by 0x5433BBC: XcursorSupportsARGB (in /usr/lib/x86_64-linux-gnu/libXcursor.so.1.0.2)
==6868==    by 0x543705E: XcursorNoticeCreateBitmap (in /usr/lib/x86_64-linux-gnu/libXcursor.so.1.0.2)
==6868== 
==6868== 16 bytes in 1 blocks are still reachable in loss record 5 of 60
==6868==    at 0x4846828: malloc (in /usr/libexec/valgrind/vgpreload_memcheck-amd64-linux.so)
==6868==    by 0x48D60FF: _XlcAddLoader (in /usr/lib/x86_64-linux-gnu/libX11.so.6.4.0)
==6868==    by 0x48D6183: _XlcInitLoader (in /usr/lib/x86_64-linux-gnu/libX11.so.6.4.0)
==6868==    by 0x48DA108: _XOpenLC (in /usr/lib/x86_64-linux-gnu/libX11.so.6.4.0)
==6868==    by 0x48DAB76: _XrmInitParseInfo (in /usr/lib/x86_64-linux-gnu/libX11.so.6.4.0)
==6868==    by 0x48C40AF: ??? (in /usr/lib/x86_64-linux-gnu/libX11.so.6.4.0)
==6868==    by 0x48C4532: XrmGetStringDatabase (in /usr/lib/x86_64-linux-gnu/libX11.so.6.4.0)
==6868==    by 0x48A1F4C: ??? (in /usr/lib/x86_64-linux-gnu/libX11.so.6.4.0)
==6868==    by 0x48A213D: XGetDefault (in /usr/lib/x86_64-linux-gnu/libX11.so.6.4.0)
==6868==    by 0x5433A82: _XcursorGetDisplayInfo (in /usr/lib/x86_64-linux-gnu/libXcursor.so.1.0.2)
==6868==    by 0x5433BBC: XcursorSupportsARGB (in /usr/lib/x86_64-linux-gnu/libXcursor.so.1.0.2)
==6868==    by 0x543705E: XcursorNoticeCreateBitmap (in /usr/lib/x86_64-linux-gnu/libXcursor.so.1.0.2)
==6868== 
==6868== 16 bytes in 1 blocks are still reachable in loss record 6 of 60
==6868==    at 0x4846828: malloc (in /usr/libexec/valgrind/vgpreload_memcheck-amd64-linux.so)
==6868==    by 0x48D60FF: _XlcAddLoader (in /usr/lib/x86_64-linux-gnu/libX11.so.6.4.0)
==6868==    by 0x48DA108: _XOpenLC (in /usr/lib/x86_64-linux-gnu/libX11.so.6.4.0)
==6868==    by 0x48DAB76: _XrmInitParseInfo (in /usr/lib/x86_64-linux-gnu/libX11.so.6.4.0)
==6868==    by 0x48C40AF: ??? (in /usr/lib/x86_64-linux-gnu/libX11.so.6.4.0)
==6868==    by 0x48C4532: XrmGetStringDatabase (in /usr/lib/x86_64-linux-gnu/libX11.so.6.4.0)
==6868==    by 0x48A1F4C: ??? (in /usr/lib/x86_64-linux-gnu/libX11.so.6.4.0)
==6868==    by 0x48A213D: XGetDefault (in /usr/lib/x86_64-linux-gnu/libX11.so.6.4.0)
==6868==    by 0x5433A82: _XcursorGetDisplayInfo (in /usr/lib/x86_64-linux-gnu/libXcursor.so.1.0.2)
==6868==    by 0x5433BBC: XcursorSupportsARGB (in /usr/lib/x86_64-linux-gnu/libXcursor.so.1.0.2)
==6868==    by 0x543705E: XcursorNoticeCreateBitmap (in /usr/lib/x86_64-linux-gnu/libXcursor.so.1.0.2)
==6868==    by 0x489A800: XCreatePixmap (in /usr/lib/x86_64-linux-gnu/libX11.so.6.4.0)
==6868== 
==6868== 16 bytes in 1 blocks are still reachable in loss record 7 of 60
==6868==    at 0x484DB80: realloc (in /usr/libexec/valgrind/vgpreload_memcheck-amd64-linux.so)
==6868==    by 0x48D424F: ??? (in /usr/lib/x86_64-linux-gnu/libX11.so.6.4.0)
==6868==    by 0x48D72A3: ??? (in /usr/lib/x86_64-linux-gnu/libX11.so.6.4.0)
==6868==    by 0x48D905A: ??? (in /usr/lib/x86_64-linux-gnu/libX11.so.6.4.0)
==6868==    by 0x48D5C3D: _XlcCreateLC (in /usr/lib/x86_64-linux-gnu/libX11.so.6.4.0)
==6868==    by 0x48F5D53: _XlcDefaultLoader (in /usr/lib/x86_64-linux-gnu/libX11.so.6.4.0)
==6868==    by 0x48DA130: _XOpenLC (in /usr/lib/x86_64-linux-gnu/libX11.so.6.4.0)
==6868==    by 0x48DAB76: _XrmInitParseInfo (in /usr/lib/x86_64-linux-gnu/libX11.so.6.4.0)
==6868==    by 0x48C40AF: ??? (in /usr/lib/x86_64-linux-gnu/libX11.so.6.4.0)
==6868==    by 0x48C4532: XrmGetStringDatabase (in /usr/lib/x86_64-linux-gnu/libX11.so.6.4.0)
==6868==    by 0x48A1F4C: ??? (in /usr/lib/x86_64-linux-gnu/libX11.so.6.4.0)
==6868==    by 0x48A213D: XGetDefault (in /usr/lib/x86_64-linux-gnu/libX11.so.6.4.0)
==6868== 
==6868== 16 bytes in 1 blocks are still reachable in loss record 8 of 60
==6868==    at 0x4846828: malloc (in /usr/libexec/valgrind/vgpreload_memcheck-amd64-linux.so)
==6868==    by 0x48DA142: _XOpenLC (in /usr/lib/x86_64-linux-gnu/libX11.so.6.4.0)
==6868==    by 0x48DAB76: _XrmInitParseInfo (in /usr/lib/x86_64-linux-gnu/libX11.so.6.4.0)
==6868==    by 0x48C40AF: ??? (in /usr/lib/x86_64-linux-gnu/libX11.so.6.4.0)
==6868==    by 0x48C4532: XrmGetStringDatabase (in /usr/lib/x86_64-linux-gnu/libX11.so.6.4.0)
==6868==    by 0x48A1F4C: ??? (in /usr/lib/x86_64-linux-gnu/libX11.so.6.4.0)
==6868==    by 0x48A213D: XGetDefault (in /usr/lib/x86_64-linux-gnu/libX11.so.6.4.0)
==6868==    by 0x5433A82: _XcursorGetDisplayInfo (in /usr/lib/x86_64-linux-gnu/libXcursor.so.1.0.2)
==6868==    by 0x5433BBC: XcursorSupportsARGB (in /usr/lib/x86_64-linux-gnu/libXcursor.so.1.0.2)
==6868==    by 0x543705E: XcursorNoticeCreateBitmap (in /usr/lib/x86_64-linux-gnu/libXcursor.so.1.0.2)
==6868==    by 0x489A800: XCreatePixmap (in /usr/lib/x86_64-linux-gnu/libX11.so.6.4.0)
==6868==    by 0x489EBA7: XCreateBitmapFromData (in /usr/lib/x86_64-linux-gnu/libX11.so.6.4.0)
==6868== 
==6868== 16 bytes in 2 blocks are still reachable in loss record 9 of 60
==6868==    at 0x4846828: malloc (in /usr/libexec/valgrind/vgpreload_memcheck-amd64-linux.so)
==6868==    by 0x48D7859: ??? (in /usr/lib/x86_64-linux-gnu/libX11.so.6.4.0)
==6868==    by 0x48D905A: ??? (in /usr/lib/x86_64-linux-gnu/libX11.so.6.4.0)
==6868==    by 0x48D5C3D: _XlcCreateLC (in /usr/lib/x86_64-linux-gnu/libX11.so.6.4.0)
==6868==    by 0x48F5D53: _XlcDefaultLoader (in /usr/lib/x86_64-linux-gnu/libX11.so.6.4.0)
==6868==    by 0x48DA130: _XOpenLC (in /usr/lib/x86_64-linux-gnu/libX11.so.6.4.0)
==6868==    by 0x48DAB76: _XrmInitParseInfo (in /usr/lib/x86_64-linux-gnu/libX11.so.6.4.0)
==6868==    by 0x48C40AF: ??? (in /usr/lib/x86_64-linux-gnu/libX11.so.6.4.0)
==6868==    by 0x48C4532: XrmGetStringDatabase (in /usr/lib/x86_64-linux-gnu/libX11.so.6.4.0)
==6868==    by 0x48A1F4C: ??? (in /usr/lib/x86_64-linux-gnu/libX11.so.6.4.0)
==6868==    by 0x48A213D: XGetDefault (in /usr/lib/x86_64-linux-gnu/libX11.so.6.4.0)
==6868==    by 0x5433A82: _XcursorGetDisplayInfo (in /usr/lib/x86_64-linux-gnu/libXcursor.so.1.0.2)
==6868== 
==6868== 24 bytes in 1 blocks are still reachable in loss record 10 of 60
==6868==    at 0x484D953: calloc (in /usr/libexec/valgrind/vgpreload_memcheck-amd64-linux.so)
==6868==    by 0x48D3F52: ??? (in /usr/lib/x86_64-linux-gnu/libX11.so.6.4.0)
==6868==    by 0x48D5C1A: _XlcCreateLC (in /usr/lib/x86_64-linux-gnu/libX11.so.6.4.0)
==6868==    by 0x48F5D53: _XlcDefaultLoader (in /usr/lib/x86_64-linux-gnu/libX11.so.6.4.0)
==6868==    by 0x48DA130: _XOpenLC (in /usr/lib/x86_64-linux-gnu/libX11.so.6.4.0)
==6868==    by 0x48DAB76: _XrmInitParseInfo (in /usr/lib/x86_64-linux-gnu/libX11.so.6.4.0)
==6868==    by 0x48C40AF: ??? (in /usr/lib/x86_64-linux-gnu/libX11.so.6.4.0)
==6868==    by 0x48C4532: XrmGetStringDatabase (in /usr/lib/x86_64-linux-gnu/libX11.so.6.4.0)
==6868==    by 0x48A1F4C: ??? (in /usr/lib/x86_64-linux-gnu/libX11.so.6.4.0)
==6868==    by 0x48A213D: XGetDefault (in /usr/lib/x86_64-linux-gnu/libX11.so.6.4.0)
==6868==    by 0x5433A82: _XcursorGetDisplayInfo (in /usr/lib/x86_64-linux-gnu/libXcursor.so.1.0.2)
==6868==    by 0x5433BBC: XcursorSupportsARGB (in /usr/lib/x86_64-linux-gnu/libXcursor.so.1.0.2)
==6868== 
==6868== 32 bytes in 1 blocks are still reachable in loss record 11 of 60
==6868==    at 0x4846828: malloc (in /usr/libexec/valgrind/vgpreload_memcheck-amd64-linux.so)
==6868==    by 0x48C9C6F: ??? (in /usr/lib/x86_64-linux-gnu/libX11.so.6.4.0)
==6868==    by 0x48BFED7: ??? (in /usr/lib/x86_64-linux-gnu/libX11.so.6.4.0)
==6868==    by 0x48C455F: XrmGetStringDatabase (in /usr/lib/x86_64-linux-gnu/libX11.so.6.4.0)
==6868==    by 0x48A1F4C: ??? (in /usr/lib/x86_64-linux-gnu/libX11.so.6.4.0)
==6868==    by 0x48A213D: XGetDefault (in /usr/lib/x86_64-linux-gnu/libX11.so.6.4.0)
==6868==    by 0x5433A82: _XcursorGetDisplayInfo (in /usr/lib/x86_64-linux-gnu/libXcursor.so.1.0.2)
==6868==    by 0x5433BBC: XcursorSupportsARGB (in /usr/lib/x86_64-linux-gnu/libXcursor.so.1.0.2)
==6868==    by 0x543705E: XcursorNoticeCreateBitmap (in /usr/lib/x86_64-linux-gnu/libXcursor.so.1.0.2)
==6868==    by 0x489A800: XCreatePixmap (in /usr/lib/x86_64-linux-gnu/libX11.so.6.4.0)
==6868==    by 0x489EBA7: XCreateBitmapFromData (in /usr/lib/x86_64-linux-gnu/libX11.so.6.4.0)
==6868==    by 0x117590: mlx_mouse_hide (in /home/deityrain/Desktop/Cub3D/cub3D)
==6868== 
==6868== 38 bytes in 1 blocks are still reachable in loss record 12 of 60
==6868==    at 0x4846828: malloc (in /usr/libexec/valgrind/vgpreload_memcheck-amd64-linux.so)
==6868==    by 0x4028ABF: malloc (rtld-malloc.h:56)
==6868==    by 0x4028ABF: strdup (strdup.c:42)
==6868==    by 0x4016A95: _dl_load_cache_lookup (dl-cache.c:515)
==6868==    by 0x40097CA: _dl_map_object (dl-load.c:2135)
==6868==    by 0x400D8DB: dl_open_worker_begin (dl-open.c:578)
==6868==    by 0x400151B: _dl_catch_exception (dl-catch.c:237)
==6868==    by 0x400CD1F: dl_open_worker (dl-open.c:803)
==6868==    by 0x400151B: _dl_catch_exception (dl-catch.c:237)
==6868==    by 0x400D163: _dl_open (dl-open.c:905)
==6868==    by 0x4B3B1A3: dlopen_doit (dlopen.c:56)
==6868==    by 0x400151B: _dl_catch_exception (dl-catch.c:237)
==6868==    by 0x4001668: _dl_catch_error (dl-catch.c:256)
==6868== 
==6868== 38 bytes in 1 blocks are still reachable in loss record 13 of 60
==6868==    at 0x4846828: malloc (in /usr/libexec/valgrind/vgpreload_memcheck-amd64-linux.so)
==6868==    by 0x400CA68: malloc (rtld-malloc.h:56)
==6868==    by 0x400CA68: _dl_new_object (dl-object.c:199)
==6868==    by 0x4007ABE: _dl_map_object_from_fd (dl-load.c:1053)
==6868==    by 0x4009528: _dl_map_object (dl-load.c:2268)
==6868==    by 0x400D8DB: dl_open_worker_begin (dl-open.c:578)
==6868==    by 0x400151B: _dl_catch_exception (dl-catch.c:237)
==6868==    by 0x400CD1F: dl_open_worker (dl-open.c:803)
==6868==    by 0x400151B: _dl_catch_exception (dl-catch.c:237)
==6868==    by 0x400D163: _dl_open (dl-open.c:905)
==6868==    by 0x4B3B1A3: dlopen_doit (dlopen.c:56)
==6868==    by 0x400151B: _dl_catch_exception (dl-catch.c:237)
==6868==    by 0x4001668: _dl_catch_error (dl-catch.c:256)
==6868== 
==6868== 40 bytes in 1 blocks are still reachable in loss record 14 of 60
==6868==    at 0x4846828: malloc (in /usr/libexec/valgrind/vgpreload_memcheck-amd64-linux.so)
==6868==    by 0x48D653C: _XlcCreateLocaleDataBase (in /usr/lib/x86_64-linux-gnu/libX11.so.6.4.0)
==6868==    by 0x48DAD0E: ??? (in /usr/lib/x86_64-linux-gnu/libX11.so.6.4.0)
==6868==    by 0x48D904E: ??? (in /usr/lib/x86_64-linux-gnu/libX11.so.6.4.0)
==6868==    by 0x48D5C3D: _XlcCreateLC (in /usr/lib/x86_64-linux-gnu/libX11.so.6.4.0)
==6868==    by 0x48F5D53: _XlcDefaultLoader (in /usr/lib/x86_64-linux-gnu/libX11.so.6.4.0)
==6868==    by 0x48DA130: _XOpenLC (in /usr/lib/x86_64-linux-gnu/libX11.so.6.4.0)
==6868==    by 0x48DAB76: _XrmInitParseInfo (in /usr/lib/x86_64-linux-gnu/libX11.so.6.4.0)
==6868==    by 0x48C40AF: ??? (in /usr/lib/x86_64-linux-gnu/libX11.so.6.4.0)
==6868==    by 0x48C4532: XrmGetStringDatabase (in /usr/lib/x86_64-linux-gnu/libX11.so.6.4.0)
==6868==    by 0x48A1F4C: ??? (in /usr/lib/x86_64-linux-gnu/libX11.so.6.4.0)
==6868==    by 0x48A213D: XGetDefault (in /usr/lib/x86_64-linux-gnu/libX11.so.6.4.0)
==6868== 
==6868== 47 bytes in 5 blocks are still reachable in loss record 15 of 60
==6868==    at 0x4846828: malloc (in /usr/libexec/valgrind/vgpreload_memcheck-amd64-linux.so)
==6868==    by 0x48CEA80: _XlcAddCT (in /usr/lib/x86_64-linux-gnu/libX11.so.6.4.0)
==6868==    by 0x48CEE0F: _XlcInitCTInfo (in /usr/lib/x86_64-linux-gnu/libX11.so.6.4.0)
==6868==    by 0x48DABD5: ??? (in /usr/lib/x86_64-linux-gnu/libX11.so.6.4.0)
==6868==    by 0x48D904E: ??? (in /usr/lib/x86_64-linux-gnu/libX11.so.6.4.0)
==6868==    by 0x48D5C3D: _XlcCreateLC (in /usr/lib/x86_64-linux-gnu/libX11.so.6.4.0)
==6868==    by 0x48F7E39: _XlcUtf8Loader (in /usr/lib/x86_64-linux-gnu/libX11.so.6.4.0)
==6868==    by 0x48DA130: _XOpenLC (in /usr/lib/x86_64-linux-gnu/libX11.so.6.4.0)
==6868==    by 0x48DAB76: _XrmInitParseInfo (in /usr/lib/x86_64-linux-gnu/libX11.so.6.4.0)
==6868==    by 0x48C40AF: ??? (in /usr/lib/x86_64-linux-gnu/libX11.so.6.4.0)
==6868==    by 0x48C4532: XrmGetStringDatabase (in /usr/lib/x86_64-linux-gnu/libX11.so.6.4.0)
==6868==    by 0x48A1F4C: ??? (in /usr/lib/x86_64-linux-gnu/libX11.so.6.4.0)
==6868== 
==6868== 64 bytes in 1 blocks are still reachable in loss record 16 of 60
==6868==    at 0x4846828: malloc (in /usr/libexec/valgrind/vgpreload_memcheck-amd64-linux.so)
==6868==    by 0x48B0872: _XrmInternalStringToQuark (in /usr/lib/x86_64-linux-gnu/libX11.so.6.4.0)
==6868==    by 0x48C3FC3: XrmInitialize (in /usr/lib/x86_64-linux-gnu/libX11.so.6.4.0)
==6868==    by 0x48A1F3B: ??? (in /usr/lib/x86_64-linux-gnu/libX11.so.6.4.0)
==6868==    by 0x48A213D: XGetDefault (in /usr/lib/x86_64-linux-gnu/libX11.so.6.4.0)
==6868==    by 0x5433A82: _XcursorGetDisplayInfo (in /usr/lib/x86_64-linux-gnu/libXcursor.so.1.0.2)
==6868==    by 0x5433BBC: XcursorSupportsARGB (in /usr/lib/x86_64-linux-gnu/libXcursor.so.1.0.2)
==6868==    by 0x543705E: XcursorNoticeCreateBitmap (in /usr/lib/x86_64-linux-gnu/libXcursor.so.1.0.2)
==6868==    by 0x489A800: XCreatePixmap (in /usr/lib/x86_64-linux-gnu/libX11.so.6.4.0)
==6868==    by 0x489EBA7: XCreateBitmapFromData (in /usr/lib/x86_64-linux-gnu/libX11.so.6.4.0)
==6868==    by 0x117590: mlx_mouse_hide (in /home/deityrain/Desktop/Cub3D/cub3D)
==6868==    by 0x11499C: mouse_capture (in /home/deityrain/Desktop/Cub3D/cub3D)
==6868== 
==6868== 64 bytes in 1 blocks are still reachable in loss record 17 of 60
==6868==    at 0x4846828: malloc (in /usr/libexec/valgrind/vgpreload_memcheck-amd64-linux.so)
==6868==    by 0x48CED3D: _XlcSetConverter (in /usr/lib/x86_64-linux-gnu/libX11.so.6.4.0)
==6868==    by 0x48CEE58: _XlcInitCTInfo (in /usr/lib/x86_64-linux-gnu/libX11.so.6.4.0)
==6868==    by 0x48DABD5: ??? (in /usr/lib/x86_64-linux-gnu/libX11.so.6.4.0)
==6868==    by 0x48D904E: ??? (in /usr/lib/x86_64-linux-gnu/libX11.so.6.4.0)
==6868==    by 0x48D5C3D: _XlcCreateLC (in /usr/lib/x86_64-linux-gnu/libX11.so.6.4.0)
==6868==    by 0x48F7E39: _XlcUtf8Loader (in /usr/lib/x86_64-linux-gnu/libX11.so.6.4.0)
==6868==    by 0x48DA130: _XOpenLC (in /usr/lib/x86_64-linux-gnu/libX11.so.6.4.0)
==6868==    by 0x48DAB76: _XrmInitParseInfo (in /usr/lib/x86_64-linux-gnu/libX11.so.6.4.0)
==6868==    by 0x48C40AF: ??? (in /usr/lib/x86_64-linux-gnu/libX11.so.6.4.0)
==6868==    by 0x48C4532: XrmGetStringDatabase (in /usr/lib/x86_64-linux-gnu/libX11.so.6.4.0)
==6868==    by 0x48A1F4C: ??? (in /usr/lib/x86_64-linux-gnu/libX11.so.6.4.0)
==6868== 
==6868== 64 bytes in 1 blocks are still reachable in loss record 18 of 60
==6868==    at 0x4846828: malloc (in /usr/libexec/valgrind/vgpreload_memcheck-amd64-linux.so)
==6868==    by 0x48CED3D: _XlcSetConverter (in /usr/lib/x86_64-linux-gnu/libX11.so.6.4.0)
==6868==    by 0x48CEE6E: _XlcInitCTInfo (in /usr/lib/x86_64-linux-gnu/libX11.so.6.4.0)
==6868==    by 0x48DABD5: ??? (in /usr/lib/x86_64-linux-gnu/libX11.so.6.4.0)
==6868==    by 0x48D904E: ??? (in /usr/lib/x86_64-linux-gnu/libX11.so.6.4.0)
==6868==    by 0x48D5C3D: _XlcCreateLC (in /usr/lib/x86_64-linux-gnu/libX11.so.6.4.0)
==6868==    by 0x48F7E39: _XlcUtf8Loader (in /usr/lib/x86_64-linux-gnu/libX11.so.6.4.0)
==6868==    by 0x48DA130: _XOpenLC (in /usr/lib/x86_64-linux-gnu/libX11.so.6.4.0)
==6868==    by 0x48DAB76: _XrmInitParseInfo (in /usr/lib/x86_64-linux-gnu/libX11.so.6.4.0)
==6868==    by 0x48C40AF: ??? (in /usr/lib/x86_64-linux-gnu/libX11.so.6.4.0)
==6868==    by 0x48C4532: XrmGetStringDatabase (in /usr/lib/x86_64-linux-gnu/libX11.so.6.4.0)
==6868==    by 0x48A1F4C: ??? (in /usr/lib/x86_64-linux-gnu/libX11.so.6.4.0)
==6868== 
==6868== 64 bytes in 1 blocks are still reachable in loss record 19 of 60
==6868==    at 0x4846828: malloc (in /usr/libexec/valgrind/vgpreload_memcheck-amd64-linux.so)
==6868==    by 0x48CED3D: _XlcSetConverter (in /usr/lib/x86_64-linux-gnu/libX11.so.6.4.0)
==6868==    by 0x48CEE84: _XlcInitCTInfo (in /usr/lib/x86_64-linux-gnu/libX11.so.6.4.0)
==6868==    by 0x48DABD5: ??? (in /usr/lib/x86_64-linux-gnu/libX11.so.6.4.0)
==6868==    by 0x48D904E: ??? (in /usr/lib/x86_64-linux-gnu/libX11.so.6.4.0)
==6868==    by 0x48D5C3D: _XlcCreateLC (in /usr/lib/x86_64-linux-gnu/libX11.so.6.4.0)
==6868==    by 0x48F7E39: _XlcUtf8Loader (in /usr/lib/x86_64-linux-gnu/libX11.so.6.4.0)
==6868==    by 0x48DA130: _XOpenLC (in /usr/lib/x86_64-linux-gnu/libX11.so.6.4.0)
==6868==    by 0x48DAB76: _XrmInitParseInfo (in /usr/lib/x86_64-linux-gnu/libX11.so.6.4.0)
==6868==    by 0x48C40AF: ??? (in /usr/lib/x86_64-linux-gnu/libX11.so.6.4.0)
==6868==    by 0x48C4532: XrmGetStringDatabase (in /usr/lib/x86_64-linux-gnu/libX11.so.6.4.0)
==6868==    by 0x48A1F4C: ??? (in /usr/lib/x86_64-linux-gnu/libX11.so.6.4.0)
==6868== 
==6868== 64 bytes in 1 blocks are still reachable in loss record 20 of 60
==6868==    at 0x4846828: malloc (in /usr/libexec/valgrind/vgpreload_memcheck-amd64-linux.so)
==6868==    by 0x48CED3D: _XlcSetConverter (in /usr/lib/x86_64-linux-gnu/libX11.so.6.4.0)
==6868==    by 0x48CEE9A: _XlcInitCTInfo (in /usr/lib/x86_64-linux-gnu/libX11.so.6.4.0)
==6868==    by 0x48DABD5: ??? (in /usr/lib/x86_64-linux-gnu/libX11.so.6.4.0)
==6868==    by 0x48D904E: ??? (in /usr/lib/x86_64-linux-gnu/libX11.so.6.4.0)
==6868==    by 0x48D5C3D: _XlcCreateLC (in /usr/lib/x86_64-linux-gnu/libX11.so.6.4.0)
==6868==    by 0x48F7E39: _XlcUtf8Loader (in /usr/lib/x86_64-linux-gnu/libX11.so.6.4.0)
==6868==    by 0x48DA130: _XOpenLC (in /usr/lib/x86_64-linux-gnu/libX11.so.6.4.0)
==6868==    by 0x48DAB76: _XrmInitParseInfo (in /usr/lib/x86_64-linux-gnu/libX11.so.6.4.0)
==6868==    by 0x48C40AF: ??? (in /usr/lib/x86_64-linux-gnu/libX11.so.6.4.0)
==6868==    by 0x48C4532: XrmGetStringDatabase (in /usr/lib/x86_64-linux-gnu/libX11.so.6.4.0)
==6868==    by 0x48A1F4C: ??? (in /usr/lib/x86_64-linux-gnu/libX11.so.6.4.0)
==6868== 
==6868== 64 bytes in 1 blocks are still reachable in loss record 21 of 60
==6868==    at 0x4846828: malloc (in /usr/libexec/valgrind/vgpreload_memcheck-amd64-linux.so)
==6868==    by 0x48CED3D: _XlcSetConverter (in /usr/lib/x86_64-linux-gnu/libX11.so.6.4.0)
==6868==    by 0x48F5DA1: _XlcDefaultLoader (in /usr/lib/x86_64-linux-gnu/libX11.so.6.4.0)
==6868==    by 0x48DA130: _XOpenLC (in /usr/lib/x86_64-linux-gnu/libX11.so.6.4.0)
==6868==    by 0x48DAB76: _XrmInitParseInfo (in /usr/lib/x86_64-linux-gnu/libX11.so.6.4.0)
==6868==    by 0x48C40AF: ??? (in /usr/lib/x86_64-linux-gnu/libX11.so.6.4.0)
==6868==    by 0x48C4532: XrmGetStringDatabase (in /usr/lib/x86_64-linux-gnu/libX11.so.6.4.0)
==6868==    by 0x48A1F4C: ??? (in /usr/lib/x86_64-linux-gnu/libX11.so.6.4.0)
==6868==    by 0x48A213D: XGetDefault (in /usr/lib/x86_64-linux-gnu/libX11.so.6.4.0)
==6868==    by 0x5433A82: _XcursorGetDisplayInfo (in /usr/lib/x86_64-linux-gnu/libXcursor.so.1.0.2)
==6868==    by 0x5433BBC: XcursorSupportsARGB (in /usr/lib/x86_64-linux-gnu/libXcursor.so.1.0.2)
==6868==    by 0x543705E: XcursorNoticeCreateBitmap (in /usr/lib/x86_64-linux-gnu/libXcursor.so.1.0.2)
==6868== 
==6868== 64 bytes in 1 blocks are still reachable in loss record 22 of 60
==6868==    at 0x4846828: malloc (in /usr/libexec/valgrind/vgpreload_memcheck-amd64-linux.so)
==6868==    by 0x48CED3D: _XlcSetConverter (in /usr/lib/x86_64-linux-gnu/libX11.so.6.4.0)
==6868==    by 0x48F5DB9: _XlcDefaultLoader (in /usr/lib/x86_64-linux-gnu/libX11.so.6.4.0)
==6868==    by 0x48DA130: _XOpenLC (in /usr/lib/x86_64-linux-gnu/libX11.so.6.4.0)
==6868==    by 0x48DAB76: _XrmInitParseInfo (in /usr/lib/x86_64-linux-gnu/libX11.so.6.4.0)
==6868==    by 0x48C40AF: ??? (in /usr/lib/x86_64-linux-gnu/libX11.so.6.4.0)
==6868==    by 0x48C4532: XrmGetStringDatabase (in /usr/lib/x86_64-linux-gnu/libX11.so.6.4.0)
==6868==    by 0x48A1F4C: ??? (in /usr/lib/x86_64-linux-gnu/libX11.so.6.4.0)
==6868==    by 0x48A213D: XGetDefault (in /usr/lib/x86_64-linux-gnu/libX11.so.6.4.0)
==6868==    by 0x5433A82: _XcursorGetDisplayInfo (in /usr/lib/x86_64-linux-gnu/libXcursor.so.1.0.2)
==6868==    by 0x5433BBC: XcursorSupportsARGB (in /usr/lib/x86_64-linux-gnu/libXcursor.so.1.0.2)
==6868==    by 0x543705E: XcursorNoticeCreateBitmap (in /usr/lib/x86_64-linux-gnu/libXcursor.so.1.0.2)
==6868== 
==6868== 64 bytes in 1 blocks are still reachable in loss record 23 of 60
==6868==    at 0x4846828: malloc (in /usr/libexec/valgrind/vgpreload_memcheck-amd64-linux.so)
==6868==    by 0x48CED3D: _XlcSetConverter (in /usr/lib/x86_64-linux-gnu/libX11.so.6.4.0)
==6868==    by 0x48F5DD1: _XlcDefaultLoader (in /usr/lib/x86_64-linux-gnu/libX11.so.6.4.0)
==6868==    by 0x48DA130: _XOpenLC (in /usr/lib/x86_64-linux-gnu/libX11.so.6.4.0)
==6868==    by 0x48DAB76: _XrmInitParseInfo (in /usr/lib/x86_64-linux-gnu/libX11.so.6.4.0)
==6868==    by 0x48C40AF: ??? (in /usr/lib/x86_64-linux-gnu/libX11.so.6.4.0)
==6868==    by 0x48C4532: XrmGetStringDatabase (in /usr/lib/x86_64-linux-gnu/libX11.so.6.4.0)
==6868==    by 0x48A1F4C: ??? (in /usr/lib/x86_64-linux-gnu/libX11.so.6.4.0)
==6868==    by 0x48A213D: XGetDefault (in /usr/lib/x86_64-linux-gnu/libX11.so.6.4.0)
==6868==    by 0x5433A82: _XcursorGetDisplayInfo (in /usr/lib/x86_64-linux-gnu/libXcursor.so.1.0.2)
==6868==    by 0x5433BBC: XcursorSupportsARGB (in /usr/lib/x86_64-linux-gnu/libXcursor.so.1.0.2)
==6868==    by 0x543705E: XcursorNoticeCreateBitmap (in /usr/lib/x86_64-linux-gnu/libXcursor.so.1.0.2)
==6868== 
==6868== 64 bytes in 1 blocks are still reachable in loss record 24 of 60
==6868==    at 0x4846828: malloc (in /usr/libexec/valgrind/vgpreload_memcheck-amd64-linux.so)
==6868==    by 0x48CED3D: _XlcSetConverter (in /usr/lib/x86_64-linux-gnu/libX11.so.6.4.0)
==6868==    by 0x48F5DED: _XlcDefaultLoader (in /usr/lib/x86_64-linux-gnu/libX11.so.6.4.0)
==6868==    by 0x48DA130: _XOpenLC (in /usr/lib/x86_64-linux-gnu/libX11.so.6.4.0)
==6868==    by 0x48DAB76: _XrmInitParseInfo (in /usr/lib/x86_64-linux-gnu/libX11.so.6.4.0)
==6868==    by 0x48C40AF: ??? (in /usr/lib/x86_64-linux-gnu/libX11.so.6.4.0)
==6868==    by 0x48C4532: XrmGetStringDatabase (in /usr/lib/x86_64-linux-gnu/libX11.so.6.4.0)
==6868==    by 0x48A1F4C: ??? (in /usr/lib/x86_64-linux-gnu/libX11.so.6.4.0)
==6868==    by 0x48A213D: XGetDefault (in /usr/lib/x86_64-linux-gnu/libX11.so.6.4.0)
==6868==    by 0x5433A82: _XcursorGetDisplayInfo (in /usr/lib/x86_64-linux-gnu/libXcursor.so.1.0.2)
==6868==    by 0x5433BBC: XcursorSupportsARGB (in /usr/lib/x86_64-linux-gnu/libXcursor.so.1.0.2)
==6868==    by 0x543705E: XcursorNoticeCreateBitmap (in /usr/lib/x86_64-linux-gnu/libXcursor.so.1.0.2)
==6868== 
==6868== 64 bytes in 1 blocks are still reachable in loss record 25 of 60
==6868==    at 0x4846828: malloc (in /usr/libexec/valgrind/vgpreload_memcheck-amd64-linux.so)
==6868==    by 0x48CED3D: _XlcSetConverter (in /usr/lib/x86_64-linux-gnu/libX11.so.6.4.0)
==6868==    by 0x48F5E05: _XlcDefaultLoader (in /usr/lib/x86_64-linux-gnu/libX11.so.6.4.0)
==6868==    by 0x48DA130: _XOpenLC (in /usr/lib/x86_64-linux-gnu/libX11.so.6.4.0)
==6868==    by 0x48DAB76: _XrmInitParseInfo (in /usr/lib/x86_64-linux-gnu/libX11.so.6.4.0)
==6868==    by 0x48C40AF: ??? (in /usr/lib/x86_64-linux-gnu/libX11.so.6.4.0)
==6868==    by 0x48C4532: XrmGetStringDatabase (in /usr/lib/x86_64-linux-gnu/libX11.so.6.4.0)
==6868==    by 0x48A1F4C: ??? (in /usr/lib/x86_64-linux-gnu/libX11.so.6.4.0)
==6868==    by 0x48A213D: XGetDefault (in /usr/lib/x86_64-linux-gnu/libX11.so.6.4.0)
==6868==    by 0x5433A82: _XcursorGetDisplayInfo (in /usr/lib/x86_64-linux-gnu/libXcursor.so.1.0.2)
==6868==    by 0x5433BBC: XcursorSupportsARGB (in /usr/lib/x86_64-linux-gnu/libXcursor.so.1.0.2)
==6868==    by 0x543705E: XcursorNoticeCreateBitmap (in /usr/lib/x86_64-linux-gnu/libXcursor.so.1.0.2)
==6868== 
==6868== 64 bytes in 1 blocks are still reachable in loss record 26 of 60
==6868==    at 0x4846828: malloc (in /usr/libexec/valgrind/vgpreload_memcheck-amd64-linux.so)
==6868==    by 0x48CED3D: _XlcSetConverter (in /usr/lib/x86_64-linux-gnu/libX11.so.6.4.0)
==6868==    by 0x48F5E1D: _XlcDefaultLoader (in /usr/lib/x86_64-linux-gnu/libX11.so.6.4.0)
==6868==    by 0x48DA130: _XOpenLC (in /usr/lib/x86_64-linux-gnu/libX11.so.6.4.0)
==6868==    by 0x48DAB76: _XrmInitParseInfo (in /usr/lib/x86_64-linux-gnu/libX11.so.6.4.0)
==6868==    by 0x48C40AF: ??? (in /usr/lib/x86_64-linux-gnu/libX11.so.6.4.0)
==6868==    by 0x48C4532: XrmGetStringDatabase (in /usr/lib/x86_64-linux-gnu/libX11.so.6.4.0)
==6868==    by 0x48A1F4C: ??? (in /usr/lib/x86_64-linux-gnu/libX11.so.6.4.0)
==6868==    by 0x48A213D: XGetDefault (in /usr/lib/x86_64-linux-gnu/libX11.so.6.4.0)
==6868==    by 0x5433A82: _XcursorGetDisplayInfo (in /usr/lib/x86_64-linux-gnu/libXcursor.so.1.0.2)
==6868==    by 0x5433BBC: XcursorSupportsARGB (in /usr/lib/x86_64-linux-gnu/libXcursor.so.1.0.2)
==6868==    by 0x543705E: XcursorNoticeCreateBitmap (in /usr/lib/x86_64-linux-gnu/libXcursor.so.1.0.2)
==6868== 
==6868== 64 bytes in 1 blocks are still reachable in loss record 27 of 60
==6868==    at 0x4846828: malloc (in /usr/libexec/valgrind/vgpreload_memcheck-amd64-linux.so)
==6868==    by 0x48CED3D: _XlcSetConverter (in /usr/lib/x86_64-linux-gnu/libX11.so.6.4.0)
==6868==    by 0x48F5E35: _XlcDefaultLoader (in /usr/lib/x86_64-linux-gnu/libX11.so.6.4.0)
==6868==    by 0x48DA130: _XOpenLC (in /usr/lib/x86_64-linux-gnu/libX11.so.6.4.0)
==6868==    by 0x48DAB76: _XrmInitParseInfo (in /usr/lib/x86_64-linux-gnu/libX11.so.6.4.0)
==6868==    by 0x48C40AF: ??? (in /usr/lib/x86_64-linux-gnu/libX11.so.6.4.0)
==6868==    by 0x48C4532: XrmGetStringDatabase (in /usr/lib/x86_64-linux-gnu/libX11.so.6.4.0)
==6868==    by 0x48A1F4C: ??? (in /usr/lib/x86_64-linux-gnu/libX11.so.6.4.0)
==6868==    by 0x48A213D: XGetDefault (in /usr/lib/x86_64-linux-gnu/libX11.so.6.4.0)
==6868==    by 0x5433A82: _XcursorGetDisplayInfo (in /usr/lib/x86_64-linux-gnu/libXcursor.so.1.0.2)
==6868==    by 0x5433BBC: XcursorSupportsARGB (in /usr/lib/x86_64-linux-gnu/libXcursor.so.1.0.2)
==6868==    by 0x543705E: XcursorNoticeCreateBitmap (in /usr/lib/x86_64-linux-gnu/libXcursor.so.1.0.2)
==6868== 
==6868== 64 bytes in 1 blocks are still reachable in loss record 28 of 60
==6868==    at 0x4846828: malloc (in /usr/libexec/valgrind/vgpreload_memcheck-amd64-linux.so)
==6868==    by 0x48CED3D: _XlcSetConverter (in /usr/lib/x86_64-linux-gnu/libX11.so.6.4.0)
==6868==    by 0x48F5E4D: _XlcDefaultLoader (in /usr/lib/x86_64-linux-gnu/libX11.so.6.4.0)
==6868==    by 0x48DA130: _XOpenLC (in /usr/lib/x86_64-linux-gnu/libX11.so.6.4.0)
==6868==    by 0x48DAB76: _XrmInitParseInfo (in /usr/lib/x86_64-linux-gnu/libX11.so.6.4.0)
==6868==    by 0x48C40AF: ??? (in /usr/lib/x86_64-linux-gnu/libX11.so.6.4.0)
==6868==    by 0x48C4532: XrmGetStringDatabase (in /usr/lib/x86_64-linux-gnu/libX11.so.6.4.0)
==6868==    by 0x48A1F4C: ??? (in /usr/lib/x86_64-linux-gnu/libX11.so.6.4.0)
==6868==    by 0x48A213D: XGetDefault (in /usr/lib/x86_64-linux-gnu/libX11.so.6.4.0)
==6868==    by 0x5433A82: _XcursorGetDisplayInfo (in /usr/lib/x86_64-linux-gnu/libXcursor.so.1.0.2)
==6868==    by 0x5433BBC: XcursorSupportsARGB (in /usr/lib/x86_64-linux-gnu/libXcursor.so.1.0.2)
==6868==    by 0x543705E: XcursorNoticeCreateBitmap (in /usr/lib/x86_64-linux-gnu/libXcursor.so.1.0.2)
==6868== 
==6868== 64 bytes in 1 blocks are still reachable in loss record 29 of 60
==6868==    at 0x4846828: malloc (in /usr/libexec/valgrind/vgpreload_memcheck-amd64-linux.so)
==6868==    by 0x48CED3D: _XlcSetConverter (in /usr/lib/x86_64-linux-gnu/libX11.so.6.4.0)
==6868==    by 0x48F5E65: _XlcDefaultLoader (in /usr/lib/x86_64-linux-gnu/libX11.so.6.4.0)
==6868==    by 0x48DA130: _XOpenLC (in /usr/lib/x86_64-linux-gnu/libX11.so.6.4.0)
==6868==    by 0x48DAB76: _XrmInitParseInfo (in /usr/lib/x86_64-linux-gnu/libX11.so.6.4.0)
==6868==    by 0x48C40AF: ??? (in /usr/lib/x86_64-linux-gnu/libX11.so.6.4.0)
==6868==    by 0x48C4532: XrmGetStringDatabase (in /usr/lib/x86_64-linux-gnu/libX11.so.6.4.0)
==6868==    by 0x48A1F4C: ??? (in /usr/lib/x86_64-linux-gnu/libX11.so.6.4.0)
==6868==    by 0x48A213D: XGetDefault (in /usr/lib/x86_64-linux-gnu/libX11.so.6.4.0)
==6868==    by 0x5433A82: _XcursorGetDisplayInfo (in /usr/lib/x86_64-linux-gnu/libXcursor.so.1.0.2)
==6868==    by 0x5433BBC: XcursorSupportsARGB (in /usr/lib/x86_64-linux-gnu/libXcursor.so.1.0.2)
==6868==    by 0x543705E: XcursorNoticeCreateBitmap (in /usr/lib/x86_64-linux-gnu/libXcursor.so.1.0.2)
==6868== 
==6868== 64 bytes in 1 blocks are still reachable in loss record 30 of 60
==6868==    at 0x4846828: malloc (in /usr/libexec/valgrind/vgpreload_memcheck-amd64-linux.so)
==6868==    by 0x48CED3D: _XlcSetConverter (in /usr/lib/x86_64-linux-gnu/libX11.so.6.4.0)
==6868==    by 0x48F5E7D: _XlcDefaultLoader (in /usr/lib/x86_64-linux-gnu/libX11.so.6.4.0)
==6868==    by 0x48DA130: _XOpenLC (in /usr/lib/x86_64-linux-gnu/libX11.so.6.4.0)
==6868==    by 0x48DAB76: _XrmInitParseInfo (in /usr/lib/x86_64-linux-gnu/libX11.so.6.4.0)
==6868==    by 0x48C40AF: ??? (in /usr/lib/x86_64-linux-gnu/libX11.so.6.4.0)
==6868==    by 0x48C4532: XrmGetStringDatabase (in /usr/lib/x86_64-linux-gnu/libX11.so.6.4.0)
==6868==    by 0x48A1F4C: ??? (in /usr/lib/x86_64-linux-gnu/libX11.so.6.4.0)
==6868==    by 0x48A213D: XGetDefault (in /usr/lib/x86_64-linux-gnu/libX11.so.6.4.0)
==6868==    by 0x5433A82: _XcursorGetDisplayInfo (in /usr/lib/x86_64-linux-gnu/libXcursor.so.1.0.2)
==6868==    by 0x5433BBC: XcursorSupportsARGB (in /usr/lib/x86_64-linux-gnu/libXcursor.so.1.0.2)
==6868==    by 0x543705E: XcursorNoticeCreateBitmap (in /usr/lib/x86_64-linux-gnu/libXcursor.so.1.0.2)
==6868== 
==6868== 64 bytes in 1 blocks are still reachable in loss record 31 of 60
==6868==    at 0x4846828: malloc (in /usr/libexec/valgrind/vgpreload_memcheck-amd64-linux.so)
==6868==    by 0x48CED3D: _XlcSetConverter (in /usr/lib/x86_64-linux-gnu/libX11.so.6.4.0)
==6868==    by 0x48F5E95: _XlcDefaultLoader (in /usr/lib/x86_64-linux-gnu/libX11.so.6.4.0)
==6868==    by 0x48DA130: _XOpenLC (in /usr/lib/x86_64-linux-gnu/libX11.so.6.4.0)
==6868==    by 0x48DAB76: _XrmInitParseInfo (in /usr/lib/x86_64-linux-gnu/libX11.so.6.4.0)
==6868==    by 0x48C40AF: ??? (in /usr/lib/x86_64-linux-gnu/libX11.so.6.4.0)
==6868==    by 0x48C4532: XrmGetStringDatabase (in /usr/lib/x86_64-linux-gnu/libX11.so.6.4.0)
==6868==    by 0x48A1F4C: ??? (in /usr/lib/x86_64-linux-gnu/libX11.so.6.4.0)
==6868==    by 0x48A213D: XGetDefault (in /usr/lib/x86_64-linux-gnu/libX11.so.6.4.0)
==6868==    by 0x5433A82: _XcursorGetDisplayInfo (in /usr/lib/x86_64-linux-gnu/libXcursor.so.1.0.2)
==6868==    by 0x5433BBC: XcursorSupportsARGB (in /usr/lib/x86_64-linux-gnu/libXcursor.so.1.0.2)
==6868==    by 0x543705E: XcursorNoticeCreateBitmap (in /usr/lib/x86_64-linux-gnu/libXcursor.so.1.0.2)
==6868== 
==6868== 64 bytes in 1 blocks are still reachable in loss record 32 of 60
==6868==    at 0x4846828: malloc (in /usr/libexec/valgrind/vgpreload_memcheck-amd64-linux.so)
==6868==    by 0x48CED3D: _XlcSetConverter (in /usr/lib/x86_64-linux-gnu/libX11.so.6.4.0)
==6868==    by 0x48DBD6B: _XlcAddUtf8Converters (in /usr/lib/x86_64-linux-gnu/libX11.so.6.4.0)
==6868==    by 0x48F5E9D: _XlcDefaultLoader (in /usr/lib/x86_64-linux-gnu/libX11.so.6.4.0)
==6868==    by 0x48DA130: _XOpenLC (in /usr/lib/x86_64-linux-gnu/libX11.so.6.4.0)
==6868==    by 0x48DAB76: _XrmInitParseInfo (in /usr/lib/x86_64-linux-gnu/libX11.so.6.4.0)
==6868==    by 0x48C40AF: ??? (in /usr/lib/x86_64-linux-gnu/libX11.so.6.4.0)
==6868==    by 0x48C4532: XrmGetStringDatabase (in /usr/lib/x86_64-linux-gnu/libX11.so.6.4.0)
==6868==    by 0x48A1F4C: ??? (in /usr/lib/x86_64-linux-gnu/libX11.so.6.4.0)
==6868==    by 0x48A213D: XGetDefault (in /usr/lib/x86_64-linux-gnu/libX11.so.6.4.0)
==6868==    by 0x5433A82: _XcursorGetDisplayInfo (in /usr/lib/x86_64-linux-gnu/libXcursor.so.1.0.2)
==6868==    by 0x5433BBC: XcursorSupportsARGB (in /usr/lib/x86_64-linux-gnu/libXcursor.so.1.0.2)
==6868== 
==6868== 64 bytes in 1 blocks are still reachable in loss record 33 of 60
==6868==    at 0x4846828: malloc (in /usr/libexec/valgrind/vgpreload_memcheck-amd64-linux.so)
==6868==    by 0x48CED3D: _XlcSetConverter (in /usr/lib/x86_64-linux-gnu/libX11.so.6.4.0)
==6868==    by 0x48DBD8A: _XlcAddUtf8Converters (in /usr/lib/x86_64-linux-gnu/libX11.so.6.4.0)
==6868==    by 0x48F5E9D: _XlcDefaultLoader (in /usr/lib/x86_64-linux-gnu/libX11.so.6.4.0)
==6868==    by 0x48DA130: _XOpenLC (in /usr/lib/x86_64-linux-gnu/libX11.so.6.4.0)
==6868==    by 0x48DAB76: _XrmInitParseInfo (in /usr/lib/x86_64-linux-gnu/libX11.so.6.4.0)
==6868==    by 0x48C40AF: ??? (in /usr/lib/x86_64-linux-gnu/libX11.so.6.4.0)
==6868==    by 0x48C4532: XrmGetStringDatabase (in /usr/lib/x86_64-linux-gnu/libX11.so.6.4.0)
==6868==    by 0x48A1F4C: ??? (in /usr/lib/x86_64-linux-gnu/libX11.so.6.4.0)
==6868==    by 0x48A213D: XGetDefault (in /usr/lib/x86_64-linux-gnu/libX11.so.6.4.0)
==6868==    by 0x5433A82: _XcursorGetDisplayInfo (in /usr/lib/x86_64-linux-gnu/libXcursor.so.1.0.2)
==6868==    by 0x5433BBC: XcursorSupportsARGB (in /usr/lib/x86_64-linux-gnu/libXcursor.so.1.0.2)
==6868== 
==6868== 64 bytes in 1 blocks are still reachable in loss record 34 of 60
==6868==    at 0x4846828: malloc (in /usr/libexec/valgrind/vgpreload_memcheck-amd64-linux.so)
==6868==    by 0x48CED3D: _XlcSetConverter (in /usr/lib/x86_64-linux-gnu/libX11.so.6.4.0)
==6868==    by 0x48DBDA2: _XlcAddUtf8Converters (in /usr/lib/x86_64-linux-gnu/libX11.so.6.4.0)
==6868==    by 0x48F5E9D: _XlcDefaultLoader (in /usr/lib/x86_64-linux-gnu/libX11.so.6.4.0)
==6868==    by 0x48DA130: _XOpenLC (in /usr/lib/x86_64-linux-gnu/libX11.so.6.4.0)
==6868==    by 0x48DAB76: _XrmInitParseInfo (in /usr/lib/x86_64-linux-gnu/libX11.so.6.4.0)
==6868==    by 0x48C40AF: ??? (in /usr/lib/x86_64-linux-gnu/libX11.so.6.4.0)
==6868==    by 0x48C4532: XrmGetStringDatabase (in /usr/lib/x86_64-linux-gnu/libX11.so.6.4.0)
==6868==    by 0x48A1F4C: ??? (in /usr/lib/x86_64-linux-gnu/libX11.so.6.4.0)
==6868==    by 0x48A213D: XGetDefault (in /usr/lib/x86_64-linux-gnu/libX11.so.6.4.0)
==6868==    by 0x5433A82: _XcursorGetDisplayInfo (in /usr/lib/x86_64-linux-gnu/libXcursor.so.1.0.2)
==6868==    by 0x5433BBC: XcursorSupportsARGB (in /usr/lib/x86_64-linux-gnu/libXcursor.so.1.0.2)
==6868== 
==6868== 64 bytes in 1 blocks are still reachable in loss record 35 of 60
==6868==    at 0x4846828: malloc (in /usr/libexec/valgrind/vgpreload_memcheck-amd64-linux.so)
==6868==    by 0x48CED3D: _XlcSetConverter (in /usr/lib/x86_64-linux-gnu/libX11.so.6.4.0)
==6868==    by 0x48DBDBA: _XlcAddUtf8Converters (in /usr/lib/x86_64-linux-gnu/libX11.so.6.4.0)
==6868==    by 0x48F5E9D: _XlcDefaultLoader (in /usr/lib/x86_64-linux-gnu/libX11.so.6.4.0)
==6868==    by 0x48DA130: _XOpenLC (in /usr/lib/x86_64-linux-gnu/libX11.so.6.4.0)
==6868==    by 0x48DAB76: _XrmInitParseInfo (in /usr/lib/x86_64-linux-gnu/libX11.so.6.4.0)
==6868==    by 0x48C40AF: ??? (in /usr/lib/x86_64-linux-gnu/libX11.so.6.4.0)
==6868==    by 0x48C4532: XrmGetStringDatabase (in /usr/lib/x86_64-linux-gnu/libX11.so.6.4.0)
==6868==    by 0x48A1F4C: ??? (in /usr/lib/x86_64-linux-gnu/libX11.so.6.4.0)
==6868==    by 0x48A213D: XGetDefault (in /usr/lib/x86_64-linux-gnu/libX11.so.6.4.0)
==6868==    by 0x5433A82: _XcursorGetDisplayInfo (in /usr/lib/x86_64-linux-gnu/libXcursor.so.1.0.2)
==6868==    by 0x5433BBC: XcursorSupportsARGB (in /usr/lib/x86_64-linux-gnu/libXcursor.so.1.0.2)
==6868== 
==6868== 64 bytes in 1 blocks are still reachable in loss record 36 of 60
==6868==    at 0x4846828: malloc (in /usr/libexec/valgrind/vgpreload_memcheck-amd64-linux.so)
==6868==    by 0x48CED3D: _XlcSetConverter (in /usr/lib/x86_64-linux-gnu/libX11.so.6.4.0)
==6868==    by 0x48DBDD2: _XlcAddUtf8Converters (in /usr/lib/x86_64-linux-gnu/libX11.so.6.4.0)
==6868==    by 0x48F5E9D: _XlcDefaultLoader (in /usr/lib/x86_64-linux-gnu/libX11.so.6.4.0)
==6868==    by 0x48DA130: _XOpenLC (in /usr/lib/x86_64-linux-gnu/libX11.so.6.4.0)
==6868==    by 0x48DAB76: _XrmInitParseInfo (in /usr/lib/x86_64-linux-gnu/libX11.so.6.4.0)
==6868==    by 0x48C40AF: ??? (in /usr/lib/x86_64-linux-gnu/libX11.so.6.4.0)
==6868==    by 0x48C4532: XrmGetStringDatabase (in /usr/lib/x86_64-linux-gnu/libX11.so.6.4.0)
==6868==    by 0x48A1F4C: ??? (in /usr/lib/x86_64-linux-gnu/libX11.so.6.4.0)
==6868==    by 0x48A213D: XGetDefault (in /usr/lib/x86_64-linux-gnu/libX11.so.6.4.0)
==6868==    by 0x5433A82: _XcursorGetDisplayInfo (in /usr/lib/x86_64-linux-gnu/libXcursor.so.1.0.2)
==6868==    by 0x5433BBC: XcursorSupportsARGB (in /usr/lib/x86_64-linux-gnu/libXcursor.so.1.0.2)
==6868== 
==6868== 64 bytes in 1 blocks are still reachable in loss record 37 of 60
==6868==    at 0x4846828: malloc (in /usr/libexec/valgrind/vgpreload_memcheck-amd64-linux.so)
==6868==    by 0x48CED3D: _XlcSetConverter (in /usr/lib/x86_64-linux-gnu/libX11.so.6.4.0)
==6868==    by 0x48DBDF1: _XlcAddUtf8Converters (in /usr/lib/x86_64-linux-gnu/libX11.so.6.4.0)
==6868==    by 0x48F5E9D: _XlcDefaultLoader (in /usr/lib/x86_64-linux-gnu/libX11.so.6.4.0)
==6868==    by 0x48DA130: _XOpenLC (in /usr/lib/x86_64-linux-gnu/libX11.so.6.4.0)
==6868==    by 0x48DAB76: _XrmInitParseInfo (in /usr/lib/x86_64-linux-gnu/libX11.so.6.4.0)
==6868==    by 0x48C40AF: ??? (in /usr/lib/x86_64-linux-gnu/libX11.so.6.4.0)
==6868==    by 0x48C4532: XrmGetStringDatabase (in /usr/lib/x86_64-linux-gnu/libX11.so.6.4.0)
==6868==    by 0x48A1F4C: ??? (in /usr/lib/x86_64-linux-gnu/libX11.so.6.4.0)
==6868==    by 0x48A213D: XGetDefault (in /usr/lib/x86_64-linux-gnu/libX11.so.6.4.0)
==6868==    by 0x5433A82: _XcursorGetDisplayInfo (in /usr/lib/x86_64-linux-gnu/libXcursor.so.1.0.2)
==6868==    by 0x5433BBC: XcursorSupportsARGB (in /usr/lib/x86_64-linux-gnu/libXcursor.so.1.0.2)
==6868== 
==6868== 64 bytes in 1 blocks are still reachable in loss record 38 of 60
==6868==    at 0x4846828: malloc (in /usr/libexec/valgrind/vgpreload_memcheck-amd64-linux.so)
==6868==    by 0x48CED3D: _XlcSetConverter (in /usr/lib/x86_64-linux-gnu/libX11.so.6.4.0)
==6868==    by 0x48F5E9D: _XlcDefaultLoader (in /usr/lib/x86_64-linux-gnu/libX11.so.6.4.0)
==6868==    by 0x48DA130: _XOpenLC (in /usr/lib/x86_64-linux-gnu/libX11.so.6.4.0)
==6868==    by 0x48DAB76: _XrmInitParseInfo (in /usr/lib/x86_64-linux-gnu/libX11.so.6.4.0)
==6868==    by 0x48C40AF: ??? (in /usr/lib/x86_64-linux-gnu/libX11.so.6.4.0)
==6868==    by 0x48C4532: XrmGetStringDatabase (in /usr/lib/x86_64-linux-gnu/libX11.so.6.4.0)
==6868==    by 0x48A1F4C: ??? (in /usr/lib/x86_64-linux-gnu/libX11.so.6.4.0)
==6868==    by 0x48A213D: XGetDefault (in /usr/lib/x86_64-linux-gnu/libX11.so.6.4.0)
==6868==    by 0x5433A82: _XcursorGetDisplayInfo (in /usr/lib/x86_64-linux-gnu/libXcursor.so.1.0.2)
==6868==    by 0x5433BBC: XcursorSupportsARGB (in /usr/lib/x86_64-linux-gnu/libXcursor.so.1.0.2)
==6868==    by 0x543705E: XcursorNoticeCreateBitmap (in /usr/lib/x86_64-linux-gnu/libXcursor.so.1.0.2)
==6868== 
==6868== 75 bytes in 2 blocks are still reachable in loss record 39 of 60
==6868==    at 0x4846828: malloc (in /usr/libexec/valgrind/vgpreload_memcheck-amd64-linux.so)
==6868==    by 0x4028ABF: malloc (rtld-malloc.h:56)
==6868==    by 0x4028ABF: strdup (strdup.c:42)
==6868==    by 0x4016A95: _dl_load_cache_lookup (dl-cache.c:515)
==6868==    by 0x40097CA: _dl_map_object (dl-load.c:2135)
==6868==    by 0x4002A2C: openaux (dl-deps.c:64)
==6868==    by 0x400151B: _dl_catch_exception (dl-catch.c:237)
==6868==    by 0x4002E66: _dl_map_object_deps (dl-deps.c:232)
==6868==    by 0x400D944: dl_open_worker_begin (dl-open.c:638)
==6868==    by 0x400151B: _dl_catch_exception (dl-catch.c:237)
==6868==    by 0x400CD1F: dl_open_worker (dl-open.c:803)
==6868==    by 0x400151B: _dl_catch_exception (dl-catch.c:237)
==6868==    by 0x400D163: _dl_open (dl-open.c:905)
==6868== 
==6868== 75 bytes in 2 blocks are still reachable in loss record 40 of 60
==6868==    at 0x4846828: malloc (in /usr/libexec/valgrind/vgpreload_memcheck-amd64-linux.so)
==6868==    by 0x400CA68: malloc (rtld-malloc.h:56)
==6868==    by 0x400CA68: _dl_new_object (dl-object.c:199)
==6868==    by 0x4007ABE: _dl_map_object_from_fd (dl-load.c:1053)
==6868==    by 0x4009528: _dl_map_object (dl-load.c:2268)
==6868==    by 0x4002A2C: openaux (dl-deps.c:64)
==6868==    by 0x400151B: _dl_catch_exception (dl-catch.c:237)
==6868==    by 0x4002E66: _dl_map_object_deps (dl-deps.c:232)
==6868==    by 0x400D944: dl_open_worker_begin (dl-open.c:638)
==6868==    by 0x400151B: _dl_catch_exception (dl-catch.c:237)
==6868==    by 0x400CD1F: dl_open_worker (dl-open.c:803)
==6868==    by 0x400151B: _dl_catch_exception (dl-catch.c:237)
==6868==    by 0x400D163: _dl_open (dl-open.c:905)
==6868== 
==6868== 142 bytes in 18 blocks are still reachable in loss record 41 of 60
==6868==    at 0x4846828: malloc (in /usr/libexec/valgrind/vgpreload_memcheck-amd64-linux.so)
==6868==    by 0x48C75B0: ??? (in /usr/lib/x86_64-linux-gnu/libX11.so.6.4.0)
==6868==    by 0x48C8F54: ??? (in /usr/lib/x86_64-linux-gnu/libX11.so.6.4.0)
==6868==    by 0x48C8FC6: ??? (in /usr/lib/x86_64-linux-gnu/libX11.so.6.4.0)
==6868==    by 0x48D6427: _XlcCreateLocaleDataBase (in /usr/lib/x86_64-linux-gnu/libX11.so.6.4.0)
==6868==    by 0x48DAD0E: ??? (in /usr/lib/x86_64-linux-gnu/libX11.so.6.4.0)
==6868==    by 0x48D904E: ??? (in /usr/lib/x86_64-linux-gnu/libX11.so.6.4.0)
==6868==    by 0x48D5C3D: _XlcCreateLC (in /usr/lib/x86_64-linux-gnu/libX11.so.6.4.0)
==6868==    by 0x48F5D53: _XlcDefaultLoader (in /usr/lib/x86_64-linux-gnu/libX11.so.6.4.0)
==6868==    by 0x48DA130: _XOpenLC (in /usr/lib/x86_64-linux-gnu/libX11.so.6.4.0)
==6868==    by 0x48DAB76: _XrmInitParseInfo (in /usr/lib/x86_64-linux-gnu/libX11.so.6.4.0)
==6868==    by 0x48C40AF: ??? (in /usr/lib/x86_64-linux-gnu/libX11.so.6.4.0)
==6868== 
==6868== 160 bytes in 2 blocks are still reachable in loss record 42 of 60
==6868==    at 0x484D953: calloc (in /usr/libexec/valgrind/vgpreload_memcheck-amd64-linux.so)
==6868==    by 0x48D421E: ??? (in /usr/lib/x86_64-linux-gnu/libX11.so.6.4.0)
==6868==    by 0x48D72A3: ??? (in /usr/lib/x86_64-linux-gnu/libX11.so.6.4.0)
==6868==    by 0x48D905A: ??? (in /usr/lib/x86_64-linux-gnu/libX11.so.6.4.0)
==6868==    by 0x48D5C3D: _XlcCreateLC (in /usr/lib/x86_64-linux-gnu/libX11.so.6.4.0)
==6868==    by 0x48F5D53: _XlcDefaultLoader (in /usr/lib/x86_64-linux-gnu/libX11.so.6.4.0)
==6868==    by 0x48DA130: _XOpenLC (in /usr/lib/x86_64-linux-gnu/libX11.so.6.4.0)
==6868==    by 0x48DAB76: _XrmInitParseInfo (in /usr/lib/x86_64-linux-gnu/libX11.so.6.4.0)
==6868==    by 0x48C40AF: ??? (in /usr/lib/x86_64-linux-gnu/libX11.so.6.4.0)
==6868==    by 0x48C4532: XrmGetStringDatabase (in /usr/lib/x86_64-linux-gnu/libX11.so.6.4.0)
==6868==    by 0x48A1F4C: ??? (in /usr/lib/x86_64-linux-gnu/libX11.so.6.4.0)
==6868==    by 0x48A213D: XGetDefault (in /usr/lib/x86_64-linux-gnu/libX11.so.6.4.0)
==6868== 
==6868== 168 bytes in 1 blocks are still reachable in loss record 43 of 60
==6868==    at 0x4846828: malloc (in /usr/libexec/valgrind/vgpreload_memcheck-amd64-linux.so)
==6868==    by 0x48D3F88: ??? (in /usr/lib/x86_64-linux-gnu/libX11.so.6.4.0)
==6868==    by 0x48D5C1A: _XlcCreateLC (in /usr/lib/x86_64-linux-gnu/libX11.so.6.4.0)
==6868==    by 0x48F5D53: _XlcDefaultLoader (in /usr/lib/x86_64-linux-gnu/libX11.so.6.4.0)
==6868==    by 0x48DA130: _XOpenLC (in /usr/lib/x86_64-linux-gnu/libX11.so.6.4.0)
==6868==    by 0x48DAB76: _XrmInitParseInfo (in /usr/lib/x86_64-linux-gnu/libX11.so.6.4.0)
==6868==    by 0x48C40AF: ??? (in /usr/lib/x86_64-linux-gnu/libX11.so.6.4.0)
==6868==    by 0x48C4532: XrmGetStringDatabase (in /usr/lib/x86_64-linux-gnu/libX11.so.6.4.0)
==6868==    by 0x48A1F4C: ??? (in /usr/lib/x86_64-linux-gnu/libX11.so.6.4.0)
==6868==    by 0x48A213D: XGetDefault (in /usr/lib/x86_64-linux-gnu/libX11.so.6.4.0)
==6868==    by 0x5433A82: _XcursorGetDisplayInfo (in /usr/lib/x86_64-linux-gnu/libXcursor.so.1.0.2)
==6868==    by 0x5433BBC: XcursorSupportsARGB (in /usr/lib/x86_64-linux-gnu/libXcursor.so.1.0.2)
==6868== 
==6868== 176 bytes in 1 blocks are still reachable in loss record 44 of 60
==6868==    at 0x484D953: calloc (in /usr/libexec/valgrind/vgpreload_memcheck-amd64-linux.so)
==6868==    by 0x48D3F6D: ??? (in /usr/lib/x86_64-linux-gnu/libX11.so.6.4.0)
==6868==    by 0x48D5C1A: _XlcCreateLC (in /usr/lib/x86_64-linux-gnu/libX11.so.6.4.0)
==6868==    by 0x48F5D53: _XlcDefaultLoader (in /usr/lib/x86_64-linux-gnu/libX11.so.6.4.0)
==6868==    by 0x48DA130: _XOpenLC (in /usr/lib/x86_64-linux-gnu/libX11.so.6.4.0)
==6868==    by 0x48DAB76: _XrmInitParseInfo (in /usr/lib/x86_64-linux-gnu/libX11.so.6.4.0)
==6868==    by 0x48C40AF: ??? (in /usr/lib/x86_64-linux-gnu/libX11.so.6.4.0)
==6868==    by 0x48C4532: XrmGetStringDatabase (in /usr/lib/x86_64-linux-gnu/libX11.so.6.4.0)
==6868==    by 0x48A1F4C: ??? (in /usr/lib/x86_64-linux-gnu/libX11.so.6.4.0)
==6868==    by 0x48A213D: XGetDefault (in /usr/lib/x86_64-linux-gnu/libX11.so.6.4.0)
==6868==    by 0x5433A82: _XcursorGetDisplayInfo (in /usr/lib/x86_64-linux-gnu/libXcursor.so.1.0.2)
==6868==    by 0x5433BBC: XcursorSupportsARGB (in /usr/lib/x86_64-linux-gnu/libXcursor.so.1.0.2)
==6868== 
==6868== 216 bytes in 18 blocks are still reachable in loss record 45 of 60
==6868==    at 0x4846828: malloc (in /usr/libexec/valgrind/vgpreload_memcheck-amd64-linux.so)
==6868==    by 0x4B5737E: strdup (strdup.c:42)
==6868==    by 0x48C8CDA: ??? (in /usr/lib/x86_64-linux-gnu/libX11.so.6.4.0)
==6868==    by 0x48C8FC6: ??? (in /usr/lib/x86_64-linux-gnu/libX11.so.6.4.0)
==6868==    by 0x48D6427: _XlcCreateLocaleDataBase (in /usr/lib/x86_64-linux-gnu/libX11.so.6.4.0)
==6868==    by 0x48DAD0E: ??? (in /usr/lib/x86_64-linux-gnu/libX11.so.6.4.0)
==6868==    by 0x48D904E: ??? (in /usr/lib/x86_64-linux-gnu/libX11.so.6.4.0)
==6868==    by 0x48D5C3D: _XlcCreateLC (in /usr/lib/x86_64-linux-gnu/libX11.so.6.4.0)
==6868==    by 0x48F5D53: _XlcDefaultLoader (in /usr/lib/x86_64-linux-gnu/libX11.so.6.4.0)
==6868==    by 0x48DA130: _XOpenLC (in /usr/lib/x86_64-linux-gnu/libX11.so.6.4.0)
==6868==    by 0x48DAB76: _XrmInitParseInfo (in /usr/lib/x86_64-linux-gnu/libX11.so.6.4.0)
==6868==    by 0x48C40AF: ??? (in /usr/lib/x86_64-linux-gnu/libX11.so.6.4.0)
==6868== 
==6868== 274 bytes in 18 blocks are still reachable in loss record 46 of 60
==6868==    at 0x4846828: malloc (in /usr/libexec/valgrind/vgpreload_memcheck-amd64-linux.so)
==6868==    by 0x4B5737E: strdup (strdup.c:42)
==6868==    by 0x48C8ECD: ??? (in /usr/lib/x86_64-linux-gnu/libX11.so.6.4.0)
==6868==    by 0x48C8FC6: ??? (in /usr/lib/x86_64-linux-gnu/libX11.so.6.4.0)
==6868==    by 0x48D6427: _XlcCreateLocaleDataBase (in /usr/lib/x86_64-linux-gnu/libX11.so.6.4.0)
==6868==    by 0x48DAD0E: ??? (in /usr/lib/x86_64-linux-gnu/libX11.so.6.4.0)
==6868==    by 0x48D904E: ??? (in /usr/lib/x86_64-linux-gnu/libX11.so.6.4.0)
==6868==    by 0x48D5C3D: _XlcCreateLC (in /usr/lib/x86_64-linux-gnu/libX11.so.6.4.0)
==6868==    by 0x48F5D53: _XlcDefaultLoader (in /usr/lib/x86_64-linux-gnu/libX11.so.6.4.0)
==6868==    by 0x48DA130: _XOpenLC (in /usr/lib/x86_64-linux-gnu/libX11.so.6.4.0)
==6868==    by 0x48DAB76: _XrmInitParseInfo (in /usr/lib/x86_64-linux-gnu/libX11.so.6.4.0)
==6868==    by 0x48C40AF: ??? (in /usr/lib/x86_64-linux-gnu/libX11.so.6.4.0)
==6868== 
==6868== 288 bytes in 18 blocks are still reachable in loss record 47 of 60
==6868==    at 0x4846828: malloc (in /usr/libexec/valgrind/vgpreload_memcheck-amd64-linux.so)
==6868==    by 0x48C758D: ??? (in /usr/lib/x86_64-linux-gnu/libX11.so.6.4.0)
==6868==    by 0x48C8F54: ??? (in /usr/lib/x86_64-linux-gnu/libX11.so.6.4.0)
==6868==    by 0x48C8FC6: ??? (in /usr/lib/x86_64-linux-gnu/libX11.so.6.4.0)
==6868==    by 0x48D6427: _XlcCreateLocaleDataBase (in /usr/lib/x86_64-linux-gnu/libX11.so.6.4.0)
==6868==    by 0x48DAD0E: ??? (in /usr/lib/x86_64-linux-gnu/libX11.so.6.4.0)
==6868==    by 0x48D904E: ??? (in /usr/lib/x86_64-linux-gnu/libX11.so.6.4.0)
==6868==    by 0x48D5C3D: _XlcCreateLC (in /usr/lib/x86_64-linux-gnu/libX11.so.6.4.0)
==6868==    by 0x48F5D53: _XlcDefaultLoader (in /usr/lib/x86_64-linux-gnu/libX11.so.6.4.0)
==6868==    by 0x48DA130: _XOpenLC (in /usr/lib/x86_64-linux-gnu/libX11.so.6.4.0)
==6868==    by 0x48DAB76: _XrmInitParseInfo (in /usr/lib/x86_64-linux-gnu/libX11.so.6.4.0)
==6868==    by 0x48C40AF: ??? (in /usr/lib/x86_64-linux-gnu/libX11.so.6.4.0)
==6868== 
==6868== 408 bytes in 3 blocks are still reachable in loss record 48 of 60
==6868==    at 0x484D953: calloc (in /usr/libexec/valgrind/vgpreload_memcheck-amd64-linux.so)
==6868==    by 0x401622F: calloc (rtld-malloc.h:44)
==6868==    by 0x401622F: _dl_check_map_versions (dl-version.c:280)
==6868==    by 0x400DC7C: dl_open_worker_begin (dl-open.c:646)
==6868==    by 0x400151B: _dl_catch_exception (dl-catch.c:237)
==6868==    by 0x400CD1F: dl_open_worker (dl-open.c:803)
==6868==    by 0x400151B: _dl_catch_exception (dl-catch.c:237)
==6868==    by 0x400D163: _dl_open (dl-open.c:905)
==6868==    by 0x4B3B1A3: dlopen_doit (dlopen.c:56)
==6868==    by 0x400151B: _dl_catch_exception (dl-catch.c:237)
==6868==    by 0x4001668: _dl_catch_error (dl-catch.c:256)
==6868==    by 0x4B3AC82: _dlerror_run (dlerror.c:138)
==6868==    by 0x4B3B25E: dlopen_implementation (dlopen.c:71)
==6868==    by 0x4B3B25E: dlopen@@GLIBC_2.34 (dlopen.c:81)
==6868== 
==6868== 456 bytes in 1 blocks are still reachable in loss record 49 of 60
==6868==    at 0x484D953: calloc (in /usr/libexec/valgrind/vgpreload_memcheck-amd64-linux.so)
==6868==    by 0x48D64C5: _XlcCreateLocaleDataBase (in /usr/lib/x86_64-linux-gnu/libX11.so.6.4.0)
==6868==    by 0x48DAD0E: ??? (in /usr/lib/x86_64-linux-gnu/libX11.so.6.4.0)
==6868==    by 0x48D904E: ??? (in /usr/lib/x86_64-linux-gnu/libX11.so.6.4.0)
==6868==    by 0x48D5C3D: _XlcCreateLC (in /usr/lib/x86_64-linux-gnu/libX11.so.6.4.0)
==6868==    by 0x48F5D53: _XlcDefaultLoader (in /usr/lib/x86_64-linux-gnu/libX11.so.6.4.0)
==6868==    by 0x48DA130: _XOpenLC (in /usr/lib/x86_64-linux-gnu/libX11.so.6.4.0)
==6868==    by 0x48DAB76: _XrmInitParseInfo (in /usr/lib/x86_64-linux-gnu/libX11.so.6.4.0)
==6868==    by 0x48C40AF: ??? (in /usr/lib/x86_64-linux-gnu/libX11.so.6.4.0)
==6868==    by 0x48C4532: XrmGetStringDatabase (in /usr/lib/x86_64-linux-gnu/libX11.so.6.4.0)
==6868==    by 0x48A1F4C: ??? (in /usr/lib/x86_64-linux-gnu/libX11.so.6.4.0)
==6868==    by 0x48A213D: XGetDefault (in /usr/lib/x86_64-linux-gnu/libX11.so.6.4.0)
==6868== 
==6868== 633 bytes in 49 blocks are still reachable in loss record 50 of 60
==6868==    at 0x4846828: malloc (in /usr/libexec/valgrind/vgpreload_memcheck-amd64-linux.so)
==6868==    by 0x48CE8A5: _XlcCreateDefaultCharSet (in /usr/lib/x86_64-linux-gnu/libX11.so.6.4.0)
==6868==    by 0x48CEC62: _XlcAddCT (in /usr/lib/x86_64-linux-gnu/libX11.so.6.4.0)
==6868==    by 0x48CEE0F: _XlcInitCTInfo (in /usr/lib/x86_64-linux-gnu/libX11.so.6.4.0)
==6868==    by 0x48DABD5: ??? (in /usr/lib/x86_64-linux-gnu/libX11.so.6.4.0)
==6868==    by 0x48D904E: ??? (in /usr/lib/x86_64-linux-gnu/libX11.so.6.4.0)
==6868==    by 0x48D5C3D: _XlcCreateLC (in /usr/lib/x86_64-linux-gnu/libX11.so.6.4.0)
==6868==    by 0x48F7E39: _XlcUtf8Loader (in /usr/lib/x86_64-linux-gnu/libX11.so.6.4.0)
==6868==    by 0x48DA130: _XOpenLC (in /usr/lib/x86_64-linux-gnu/libX11.so.6.4.0)
==6868==    by 0x48DAB76: _XrmInitParseInfo (in /usr/lib/x86_64-linux-gnu/libX11.so.6.4.0)
==6868==    by 0x48C40AF: ??? (in /usr/lib/x86_64-linux-gnu/libX11.so.6.4.0)
==6868==    by 0x48C4532: XrmGetStringDatabase (in /usr/lib/x86_64-linux-gnu/libX11.so.6.4.0)
==6868== 
==6868== 720 bytes in 18 blocks are still reachable in loss record 51 of 60
==6868==    at 0x484D953: calloc (in /usr/libexec/valgrind/vgpreload_memcheck-amd64-linux.so)
==6868==    by 0x48C8CC2: ??? (in /usr/lib/x86_64-linux-gnu/libX11.so.6.4.0)
==6868==    by 0x48C8FC6: ??? (in /usr/lib/x86_64-linux-gnu/libX11.so.6.4.0)
==6868==    by 0x48D6427: _XlcCreateLocaleDataBase (in /usr/lib/x86_64-linux-gnu/libX11.so.6.4.0)
==6868==    by 0x48DAD0E: ??? (in /usr/lib/x86_64-linux-gnu/libX11.so.6.4.0)
==6868==    by 0x48D904E: ??? (in /usr/lib/x86_64-linux-gnu/libX11.so.6.4.0)
==6868==    by 0x48D5C3D: _XlcCreateLC (in /usr/lib/x86_64-linux-gnu/libX11.so.6.4.0)
==6868==    by 0x48F5D53: _XlcDefaultLoader (in /usr/lib/x86_64-linux-gnu/libX11.so.6.4.0)
==6868==    by 0x48DA130: _XOpenLC (in /usr/lib/x86_64-linux-gnu/libX11.so.6.4.0)
==6868==    by 0x48DAB76: _XrmInitParseInfo (in /usr/lib/x86_64-linux-gnu/libX11.so.6.4.0)
==6868==    by 0x48C40AF: ??? (in /usr/lib/x86_64-linux-gnu/libX11.so.6.4.0)
==6868==    by 0x48C4532: XrmGetStringDatabase (in /usr/lib/x86_64-linux-gnu/libX11.so.6.4.0)
==6868== 
==6868== 800 bytes in 50 blocks are still reachable in loss record 52 of 60
==6868==    at 0x4846828: malloc (in /usr/libexec/valgrind/vgpreload_memcheck-amd64-linux.so)
==6868==    by 0x48CE751: _XlcAddCharSet (in /usr/lib/x86_64-linux-gnu/libX11.so.6.4.0)
==6868==    by 0x48CEC72: _XlcAddCT (in /usr/lib/x86_64-linux-gnu/libX11.so.6.4.0)
==6868==    by 0x48CEE0F: _XlcInitCTInfo (in /usr/lib/x86_64-linux-gnu/libX11.so.6.4.0)
==6868==    by 0x48DABD5: ??? (in /usr/lib/x86_64-linux-gnu/libX11.so.6.4.0)
==6868==    by 0x48D904E: ??? (in /usr/lib/x86_64-linux-gnu/libX11.so.6.4.0)
==6868==    by 0x48D5C3D: _XlcCreateLC (in /usr/lib/x86_64-linux-gnu/libX11.so.6.4.0)
==6868==    by 0x48F7E39: _XlcUtf8Loader (in /usr/lib/x86_64-linux-gnu/libX11.so.6.4.0)
==6868==    by 0x48DA130: _XOpenLC (in /usr/lib/x86_64-linux-gnu/libX11.so.6.4.0)
==6868==    by 0x48DAB76: _XrmInitParseInfo (in /usr/lib/x86_64-linux-gnu/libX11.so.6.4.0)
==6868==    by 0x48C40AF: ??? (in /usr/lib/x86_64-linux-gnu/libX11.so.6.4.0)
==6868==    by 0x48C4532: XrmGetStringDatabase (in /usr/lib/x86_64-linux-gnu/libX11.so.6.4.0)
==6868== 
==6868== 1,028 bytes in 50 blocks are still reachable in loss record 53 of 60
==6868==    at 0x4846828: malloc (in /usr/libexec/valgrind/vgpreload_memcheck-amd64-linux.so)
==6868==    by 0x48CE830: _XlcCreateDefaultCharSet (in /usr/lib/x86_64-linux-gnu/libX11.so.6.4.0)
==6868==    by 0x48CEC62: _XlcAddCT (in /usr/lib/x86_64-linux-gnu/libX11.so.6.4.0)
==6868==    by 0x48CEE0F: _XlcInitCTInfo (in /usr/lib/x86_64-linux-gnu/libX11.so.6.4.0)
==6868==    by 0x48DABD5: ??? (in /usr/lib/x86_64-linux-gnu/libX11.so.6.4.0)
==6868==    by 0x48D904E: ??? (in /usr/lib/x86_64-linux-gnu/libX11.so.6.4.0)
==6868==    by 0x48D5C3D: _XlcCreateLC (in /usr/lib/x86_64-linux-gnu/libX11.so.6.4.0)
==6868==    by 0x48F7E39: _XlcUtf8Loader (in /usr/lib/x86_64-linux-gnu/libX11.so.6.4.0)
==6868==    by 0x48DA130: _XOpenLC (in /usr/lib/x86_64-linux-gnu/libX11.so.6.4.0)
==6868==    by 0x48DAB76: _XrmInitParseInfo (in /usr/lib/x86_64-linux-gnu/libX11.so.6.4.0)
==6868==    by 0x48C40AF: ??? (in /usr/lib/x86_64-linux-gnu/libX11.so.6.4.0)
==6868==    by 0x48C4532: XrmGetStringDatabase (in /usr/lib/x86_64-linux-gnu/libX11.so.6.4.0)
==6868== 
==6868== 1,256 bytes in 1 blocks are still reachable in loss record 54 of 60
==6868==    at 0x484D953: calloc (in /usr/libexec/valgrind/vgpreload_memcheck-amd64-linux.so)
==6868==    by 0x400C72C: calloc (rtld-malloc.h:44)
==6868==    by 0x400C72C: _dl_new_object (dl-object.c:92)
==6868==    by 0x4007ABE: _dl_map_object_from_fd (dl-load.c:1053)
==6868==    by 0x4009528: _dl_map_object (dl-load.c:2268)
==6868==    by 0x400D8DB: dl_open_worker_begin (dl-open.c:578)
==6868==    by 0x400151B: _dl_catch_exception (dl-catch.c:237)
==6868==    by 0x400CD1F: dl_open_worker (dl-open.c:803)
==6868==    by 0x400151B: _dl_catch_exception (dl-catch.c:237)
==6868==    by 0x400D163: _dl_open (dl-open.c:905)
==6868==    by 0x4B3B1A3: dlopen_doit (dlopen.c:56)
==6868==    by 0x400151B: _dl_catch_exception (dl-catch.c:237)
==6868==    by 0x4001668: _dl_catch_error (dl-catch.c:256)
==6868== 
==6868== 2,048 bytes in 1 blocks are still reachable in loss record 55 of 60
==6868==    at 0x4846828: malloc (in /usr/libexec/valgrind/vgpreload_memcheck-amd64-linux.so)
==6868==    by 0x48D6622: _XlcCreateLocaleDataBase (in /usr/lib/x86_64-linux-gnu/libX11.so.6.4.0)
==6868==    by 0x48DAD0E: ??? (in /usr/lib/x86_64-linux-gnu/libX11.so.6.4.0)
==6868==    by 0x48D904E: ??? (in /usr/lib/x86_64-linux-gnu/libX11.so.6.4.0)
==6868==    by 0x48D5C3D: _XlcCreateLC (in /usr/lib/x86_64-linux-gnu/libX11.so.6.4.0)
==6868==    by 0x48F7E39: _XlcUtf8Loader (in /usr/lib/x86_64-linux-gnu/libX11.so.6.4.0)
==6868==    by 0x48DA130: _XOpenLC (in /usr/lib/x86_64-linux-gnu/libX11.so.6.4.0)
==6868==    by 0x48DAB76: _XrmInitParseInfo (in /usr/lib/x86_64-linux-gnu/libX11.so.6.4.0)
==6868==    by 0x48C40AF: ??? (in /usr/lib/x86_64-linux-gnu/libX11.so.6.4.0)
==6868==    by 0x48C4532: XrmGetStringDatabase (in /usr/lib/x86_64-linux-gnu/libX11.so.6.4.0)
==6868==    by 0x48A1F4C: ??? (in /usr/lib/x86_64-linux-gnu/libX11.so.6.4.0)
==6868==    by 0x48A213D: XGetDefault (in /usr/lib/x86_64-linux-gnu/libX11.so.6.4.0)
==6868== 
==6868== 2,511 bytes in 2 blocks are still reachable in loss record 56 of 60
==6868==    at 0x484D953: calloc (in /usr/libexec/valgrind/vgpreload_memcheck-amd64-linux.so)
==6868==    by 0x400C72C: calloc (rtld-malloc.h:44)
==6868==    by 0x400C72C: _dl_new_object (dl-object.c:92)
==6868==    by 0x4007ABE: _dl_map_object_from_fd (dl-load.c:1053)
==6868==    by 0x4009528: _dl_map_object (dl-load.c:2268)
==6868==    by 0x4002A2C: openaux (dl-deps.c:64)
==6868==    by 0x400151B: _dl_catch_exception (dl-catch.c:237)
==6868==    by 0x4002E66: _dl_map_object_deps (dl-deps.c:232)
==6868==    by 0x400D944: dl_open_worker_begin (dl-open.c:638)
==6868==    by 0x400151B: _dl_catch_exception (dl-catch.c:237)
==6868==    by 0x400CD1F: dl_open_worker (dl-open.c:803)
==6868==    by 0x400151B: _dl_catch_exception (dl-catch.c:237)
==6868==    by 0x400D163: _dl_open (dl-open.c:905)
==6868== 
==6868== 2,631 bytes in 50 blocks are still reachable in loss record 57 of 60
==6868==    at 0x4846828: malloc (in /usr/libexec/valgrind/vgpreload_memcheck-amd64-linux.so)
==6868==    by 0x48CE9C3: _XlcAddCT (in /usr/lib/x86_64-linux-gnu/libX11.so.6.4.0)
==6868==    by 0x48CEE0F: _XlcInitCTInfo (in /usr/lib/x86_64-linux-gnu/libX11.so.6.4.0)
==6868==    by 0x48DABD5: ??? (in /usr/lib/x86_64-linux-gnu/libX11.so.6.4.0)
==6868==    by 0x48D904E: ??? (in /usr/lib/x86_64-linux-gnu/libX11.so.6.4.0)
==6868==    by 0x48D5C3D: _XlcCreateLC (in /usr/lib/x86_64-linux-gnu/libX11.so.6.4.0)
==6868==    by 0x48F7E39: _XlcUtf8Loader (in /usr/lib/x86_64-linux-gnu/libX11.so.6.4.0)
==6868==    by 0x48DA130: _XOpenLC (in /usr/lib/x86_64-linux-gnu/libX11.so.6.4.0)
==6868==    by 0x48DAB76: _XrmInitParseInfo (in /usr/lib/x86_64-linux-gnu/libX11.so.6.4.0)
==6868==    by 0x48C40AF: ??? (in /usr/lib/x86_64-linux-gnu/libX11.so.6.4.0)
==6868==    by 0x48C4532: XrmGetStringDatabase (in /usr/lib/x86_64-linux-gnu/libX11.so.6.4.0)
==6868==    by 0x48A1F4C: ??? (in /usr/lib/x86_64-linux-gnu/libX11.so.6.4.0)
==6868== 
==6868== 3,600 bytes in 50 blocks are still reachable in loss record 58 of 60
==6868==    at 0x484D953: calloc (in /usr/libexec/valgrind/vgpreload_memcheck-amd64-linux.so)
==6868==    by 0x48CE800: _XlcCreateDefaultCharSet (in /usr/lib/x86_64-linux-gnu/libX11.so.6.4.0)
==6868==    by 0x48CEC62: _XlcAddCT (in /usr/lib/x86_64-linux-gnu/libX11.so.6.4.0)
==6868==    by 0x48CEE0F: _XlcInitCTInfo (in /usr/lib/x86_64-linux-gnu/libX11.so.6.4.0)
==6868==    by 0x48DABD5: ??? (in /usr/lib/x86_64-linux-gnu/libX11.so.6.4.0)
==6868==    by 0x48D904E: ??? (in /usr/lib/x86_64-linux-gnu/libX11.so.6.4.0)
==6868==    by 0x48D5C3D: _XlcCreateLC (in /usr/lib/x86_64-linux-gnu/libX11.so.6.4.0)
==6868==    by 0x48F7E39: _XlcUtf8Loader (in /usr/lib/x86_64-linux-gnu/libX11.so.6.4.0)
==6868==    by 0x48DA130: _XOpenLC (in /usr/lib/x86_64-linux-gnu/libX11.so.6.4.0)
==6868==    by 0x48DAB76: _XrmInitParseInfo (in /usr/lib/x86_64-linux-gnu/libX11.so.6.4.0)
==6868==    by 0x48C40AF: ??? (in /usr/lib/x86_64-linux-gnu/libX11.so.6.4.0)
==6868==    by 0x48C4532: XrmGetStringDatabase (in /usr/lib/x86_64-linux-gnu/libX11.so.6.4.0)
==6868== 
==6868== 4,096 bytes in 1 blocks are still reachable in loss record 59 of 60
==6868==    at 0x484D953: calloc (in /usr/libexec/valgrind/vgpreload_memcheck-amd64-linux.so)
==6868==    by 0x48B06D0: _XrmInternalStringToQuark (in /usr/lib/x86_64-linux-gnu/libX11.so.6.4.0)
==6868==    by 0x48C3FC3: XrmInitialize (in /usr/lib/x86_64-linux-gnu/libX11.so.6.4.0)
==6868==    by 0x48A1F3B: ??? (in /usr/lib/x86_64-linux-gnu/libX11.so.6.4.0)
==6868==    by 0x48A213D: XGetDefault (in /usr/lib/x86_64-linux-gnu/libX11.so.6.4.0)
==6868==    by 0x5433A82: _XcursorGetDisplayInfo (in /usr/lib/x86_64-linux-gnu/libXcursor.so.1.0.2)
==6868==    by 0x5433BBC: XcursorSupportsARGB (in /usr/lib/x86_64-linux-gnu/libXcursor.so.1.0.2)
==6868==    by 0x543705E: XcursorNoticeCreateBitmap (in /usr/lib/x86_64-linux-gnu/libXcursor.so.1.0.2)
==6868==    by 0x489A800: XCreatePixmap (in /usr/lib/x86_64-linux-gnu/libX11.so.6.4.0)
==6868==    by 0x489EBA7: XCreateBitmapFromData (in /usr/lib/x86_64-linux-gnu/libX11.so.6.4.0)
==6868==    by 0x117590: mlx_mouse_hide (in /home/deityrain/Desktop/Cub3D/cub3D)
==6868==    by 0x11499C: mouse_capture (in /home/deityrain/Desktop/Cub3D/cub3D)
==6868== 
==6868== 8,176 bytes in 1 blocks are still reachable in loss record 60 of 60
==6868==    at 0x4846828: malloc (in /usr/libexec/valgrind/vgpreload_memcheck-amd64-linux.so)
==6868==    by 0x48AF085: ??? (in /usr/lib/x86_64-linux-gnu/libX11.so.6.4.0)
==6868==    by 0x48B0849: _XrmInternalStringToQuark (in /usr/lib/x86_64-linux-gnu/libX11.so.6.4.0)
==6868==    by 0x48C3FC3: XrmInitialize (in /usr/lib/x86_64-linux-gnu/libX11.so.6.4.0)
==6868==    by 0x48A1F3B: ??? (in /usr/lib/x86_64-linux-gnu/libX11.so.6.4.0)
==6868==    by 0x48A213D: XGetDefault (in /usr/lib/x86_64-linux-gnu/libX11.so.6.4.0)
==6868==    by 0x5433A82: _XcursorGetDisplayInfo (in /usr/lib/x86_64-linux-gnu/libXcursor.so.1.0.2)
==6868==    by 0x5433BBC: XcursorSupportsARGB (in /usr/lib/x86_64-linux-gnu/libXcursor.so.1.0.2)
==6868==    by 0x543705E: XcursorNoticeCreateBitmap (in /usr/lib/x86_64-linux-gnu/libXcursor.so.1.0.2)
==6868==    by 0x489A800: XCreatePixmap (in /usr/lib/x86_64-linux-gnu/libX11.so.6.4.0)
==6868==    by 0x489EBA7: XCreateBitmapFromData (in /usr/lib/x86_64-linux-gnu/libX11.so.6.4.0)
==6868==    by 0x117590: mlx_mouse_hide (in /home/deityrain/Desktop/Cub3D/cub3D)
==6868== 
==6868== LEAK SUMMARY:
==6868==    definitely lost: 0 bytes in 0 blocks
==6868==    indirectly lost: 0 bytes in 0 blocks
==6868==      possibly lost: 0 bytes in 0 blocks
==6868==    still reachable: 31,735 bytes in 400 blocks
==6868==         suppressed: 0 bytes in 0 blocks
==6868== 
==6868== For lists of detected and suppressed errors, rerun with: -s
==6868== ERROR SUMMARY: 5 errors from 1 contexts (suppressed: 0 from 0)
