==6968== Memcheck, a memory error detector
==6968== Copyright (C) 2002-2022, and GNU GPL'd, by Julian Seward et al.
==6968== Using Valgrind-3.22.0 and LibVEX; rerun with -h for copyright info
==6968== Command: ./cub3D maps/miniMap.cub
==6968== Parent PID: 6150
==6968== 
==6968== 
==6968== HEAP SUMMARY:
==6968==     in use at exit: 31,735 bytes in 400 blocks
==6968==   total heap usage: 1,765 allocs, 1,365 frees, 522,536 bytes allocated
==6968== 
==6968== LEAK SUMMARY:
==6968==    definitely lost: 0 bytes in 0 blocks
==6968==    indirectly lost: 0 bytes in 0 blocks
==6968==      possibly lost: 0 bytes in 0 blocks
==6968==    still reachable: 0 bytes in 0 blocks
==6968==         suppressed: 31,735 bytes in 400 blocks
==6968== 
==6968== For lists of detected and suppressed errors, rerun with: -s
==6968== ERROR SUMMARY: 0 errors from 0 contexts (suppressed: 4 from 1)
